mode: set
github.com/migelankodra/application-service/v2/internal/bootstrap/handlers/telemetry.go:34.32,36.2 1 0
github.com/migelankodra/application-service/v2/internal/bootstrap/handlers/telemetry.go:43.26,51.2 4 0
github.com/migelankodra/application-service/v2/internal/bootstrap/handlers/version.go:47.74,52.2 1 1
github.com/migelankodra/application-service/v2/internal/bootstrap/handlers/version.go:59.26,64.25 3 1
github.com/migelankodra/application-service/v2/internal/bootstrap/handlers/version.go:71.2,72.30 2 1
github.com/migelankodra/application-service/v2/internal/bootstrap/handlers/version.go:77.2,78.47 2 1
github.com/migelankodra/application-service/v2/internal/bootstrap/handlers/version.go:86.2,87.9 2 1
github.com/migelankodra/application-service/v2/internal/bootstrap/handlers/version.go:92.2,96.35 4 1
github.com/migelankodra/application-service/v2/internal/bootstrap/handlers/version.go:105.2,105.16 1 1
github.com/migelankodra/application-service/v2/internal/bootstrap/handlers/version.go:110.2,112.42 2 1
github.com/migelankodra/application-service/v2/internal/bootstrap/handlers/version.go:117.2,117.41 1 1
github.com/migelankodra/application-service/v2/internal/bootstrap/handlers/version.go:123.2,124.31 2 1
github.com/migelankodra/application-service/v2/internal/bootstrap/handlers/version.go:130.2,130.47 1 1
github.com/migelankodra/application-service/v2/internal/bootstrap/handlers/version.go:137.2,141.14 2 1
github.com/migelankodra/application-service/v2/internal/bootstrap/handlers/version.go:64.25,67.3 2 1
github.com/migelankodra/application-service/v2/internal/bootstrap/handlers/version.go:72.30,75.3 2 1
github.com/migelankodra/application-service/v2/internal/bootstrap/handlers/version.go:78.47,82.3 2 1
github.com/migelankodra/application-service/v2/internal/bootstrap/handlers/version.go:87.9,90.3 2 0
github.com/migelankodra/application-service/v2/internal/bootstrap/handlers/version.go:96.35,97.71 1 1
github.com/migelankodra/application-service/v2/internal/bootstrap/handlers/version.go:102.3,102.8 1 1
github.com/migelankodra/application-service/v2/internal/bootstrap/handlers/version.go:97.71,100.12 3 0
github.com/migelankodra/application-service/v2/internal/bootstrap/handlers/version.go:105.16,108.3 2 0
github.com/migelankodra/application-service/v2/internal/bootstrap/handlers/version.go:112.42,115.3 2 1
github.com/migelankodra/application-service/v2/internal/bootstrap/handlers/version.go:117.41,120.3 2 1
github.com/migelankodra/application-service/v2/internal/bootstrap/handlers/version.go:124.31,127.3 2 1
github.com/migelankodra/application-service/v2/internal/bootstrap/handlers/version.go:130.47,135.3 2 1
github.com/migelankodra/application-service/v2/internal/bootstrap/handlers/clients.go:36.28,38.2 1 1
github.com/migelankodra/application-service/v2/internal/bootstrap/handlers/clients.go:45.26,59.62 9 1
github.com/migelankodra/application-service/v2/internal/bootstrap/handlers/clients.go:63.2,63.65 1 1
github.com/migelankodra/application-service/v2/internal/bootstrap/handlers/clients.go:67.2,67.66 1 1
github.com/migelankodra/application-service/v2/internal/bootstrap/handlers/clients.go:73.2,73.74 1 1
github.com/migelankodra/application-service/v2/internal/bootstrap/handlers/clients.go:81.2,82.59 1 1
github.com/migelankodra/application-service/v2/internal/bootstrap/handlers/clients.go:105.2,105.13 1 1
github.com/migelankodra/application-service/v2/internal/bootstrap/handlers/clients.go:59.62,61.3 1 1
github.com/migelankodra/application-service/v2/internal/bootstrap/handlers/clients.go:63.65,65.3 1 1
github.com/migelankodra/application-service/v2/internal/bootstrap/handlers/clients.go:67.66,71.3 3 1
github.com/migelankodra/application-service/v2/internal/bootstrap/handlers/clients.go:73.74,76.3 2 1
github.com/migelankodra/application-service/v2/internal/bootstrap/handlers/clients.go:82.59,84.4 1 1
github.com/migelankodra/application-service/v2/internal/bootstrap/handlers/clients.go:85.61,87.4 1 1
github.com/migelankodra/application-service/v2/internal/bootstrap/handlers/clients.go:88.67,90.4 1 1
github.com/migelankodra/application-service/v2/internal/bootstrap/handlers/clients.go:91.67,93.4 1 1
github.com/migelankodra/application-service/v2/internal/bootstrap/handlers/clients.go:94.60,96.4 1 1
github.com/migelankodra/application-service/v2/internal/bootstrap/handlers/clients.go:97.66,99.4 1 1
github.com/migelankodra/application-service/v2/internal/bootstrap/handlers/clients.go:100.66,102.4 1 1
github.com/migelankodra/application-service/v2/internal/bootstrap/handlers/storeclient.go:42.30,44.2 1 0
github.com/migelankodra/application-service/v2/internal/bootstrap/handlers/storeclient.go:51.26,56.46 2 0
github.com/migelankodra/application-service/v2/internal/bootstrap/handlers/storeclient.go:65.2,69.16 4 0
github.com/migelankodra/application-service/v2/internal/bootstrap/handlers/storeclient.go:74.2,75.59 1 0
github.com/migelankodra/application-service/v2/internal/bootstrap/handlers/storeclient.go:80.2,80.13 1 0
github.com/migelankodra/application-service/v2/internal/bootstrap/handlers/storeclient.go:56.46,58.60 1 0
github.com/migelankodra/application-service/v2/internal/bootstrap/handlers/storeclient.go:62.3,62.14 1 0
github.com/migelankodra/application-service/v2/internal/bootstrap/handlers/storeclient.go:58.60,60.5 1 0
github.com/migelankodra/application-service/v2/internal/bootstrap/handlers/storeclient.go:69.16,72.3 2 0
github.com/migelankodra/application-service/v2/internal/bootstrap/handlers/storeclient.go:75.59,77.4 1 0
github.com/migelankodra/application-service/v2/internal/bootstrap/handlers/storeclient.go:89.63,93.16 3 0
github.com/migelankodra/application-service/v2/internal/bootstrap/handlers/storeclient.go:97.2,103.35 3 0
github.com/migelankodra/application-service/v2/internal/bootstrap/handlers/storeclient.go:112.2,112.16 1 0
github.com/migelankodra/application-service/v2/internal/bootstrap/handlers/storeclient.go:116.2,116.25 1 0
github.com/migelankodra/application-service/v2/internal/bootstrap/handlers/storeclient.go:93.16,95.3 1 0
github.com/migelankodra/application-service/v2/internal/bootstrap/handlers/storeclient.go:103.35,104.88 1 0
github.com/migelankodra/application-service/v2/internal/bootstrap/handlers/storeclient.go:109.3,109.8 1 0
github.com/migelankodra/application-service/v2/internal/bootstrap/handlers/storeclient.go:104.88,107.12 3 0
github.com/migelankodra/application-service/v2/internal/bootstrap/handlers/storeclient.go:112.16,114.3 1 0
github.com/migelankodra/application-service/v2/internal/appfunction/context.go:42.92,51.2 1 1
github.com/migelankodra/application-service/v2/internal/appfunction/context.go:67.66,70.43 2 1
github.com/migelankodra/application-service/v2/internal/appfunction/context.go:74.2,83.3 1 1
github.com/migelankodra/application-service/v2/internal/appfunction/context.go:70.43,72.3 1 1
github.com/migelankodra/application-service/v2/internal/appfunction/context.go:88.56,90.2 1 1
github.com/migelankodra/application-service/v2/internal/appfunction/context.go:93.51,95.2 1 1
github.com/migelankodra/application-service/v2/internal/appfunction/context.go:99.68,101.2 1 1
github.com/migelankodra/application-service/v2/internal/appfunction/context.go:104.54,106.2 1 1
github.com/migelankodra/application-service/v2/internal/appfunction/context.go:111.59,113.2 1 1
github.com/migelankodra/application-service/v2/internal/appfunction/context.go:116.50,118.2 1 1
github.com/migelankodra/application-service/v2/internal/appfunction/context.go:121.71,123.2 1 1
github.com/migelankodra/application-service/v2/internal/appfunction/context.go:126.57,128.2 1 1
github.com/migelankodra/application-service/v2/internal/appfunction/context.go:132.57,134.2 1 1
github.com/migelankodra/application-service/v2/internal/appfunction/context.go:138.47,140.2 1 1
github.com/migelankodra/application-service/v2/internal/appfunction/context.go:143.94,146.2 2 1
github.com/migelankodra/application-service/v2/internal/appfunction/context.go:149.59,152.2 2 1
github.com/migelankodra/application-service/v2/internal/appfunction/context.go:155.65,157.2 1 1
github.com/migelankodra/application-service/v2/internal/appfunction/context.go:160.62,162.2 1 1
github.com/migelankodra/application-service/v2/internal/appfunction/context.go:165.66,167.2 1 1
github.com/migelankodra/application-service/v2/internal/appfunction/context.go:170.78,172.2 1 1
github.com/migelankodra/application-service/v2/internal/appfunction/context.go:175.78,177.2 1 1
github.com/migelankodra/application-service/v2/internal/appfunction/context.go:180.64,182.2 1 1
github.com/migelankodra/application-service/v2/internal/appfunction/context.go:185.76,187.2 1 1
github.com/migelankodra/application-service/v2/internal/appfunction/context.go:190.76,192.2 1 1
github.com/migelankodra/application-service/v2/internal/appfunction/context.go:195.63,197.2 1 1
github.com/migelankodra/application-service/v2/internal/appfunction/context.go:200.52,202.2 1 1
github.com/migelankodra/application-service/v2/internal/appfunction/context.go:205.92,207.19 2 1
github.com/migelankodra/application-service/v2/internal/appfunction/context.go:211.2,212.50 2 1
github.com/migelankodra/application-service/v2/internal/appfunction/context.go:207.19,209.3 1 1
github.com/migelankodra/application-service/v2/internal/appfunction/context.go:216.116,218.19 2 1
github.com/migelankodra/application-service/v2/internal/appfunction/context.go:222.2,223.16 2 1
github.com/migelankodra/application-service/v2/internal/appfunction/context.go:227.2,227.31 1 1
github.com/migelankodra/application-service/v2/internal/appfunction/context.go:218.19,220.3 1 1
github.com/migelankodra/application-service/v2/internal/appfunction/context.go:223.16,225.3 1 0
github.com/migelankodra/application-service/v2/internal/appfunction/context.go:231.64,234.2 2 1
github.com/migelankodra/application-service/v2/internal/appfunction/context.go:237.61,240.43 2 1
github.com/migelankodra/application-service/v2/internal/appfunction/context.go:243.2,243.12 1 1
github.com/migelankodra/application-service/v2/internal/appfunction/context.go:240.43,242.3 1 1
github.com/migelankodra/application-service/v2/internal/appfunction/context.go:250.71,255.88 3 1
github.com/migelankodra/application-service/v2/internal/appfunction/context.go:271.2,271.37 1 1
github.com/migelankodra/application-service/v2/internal/appfunction/context.go:277.2,277.20 1 1
github.com/migelankodra/application-service/v2/internal/appfunction/context.go:255.88,256.47 1 1
github.com/migelankodra/application-service/v2/internal/appfunction/context.go:260.3,266.12 4 1
github.com/migelankodra/application-service/v2/internal/appfunction/context.go:256.47,257.12 1 0
github.com/migelankodra/application-service/v2/internal/appfunction/context.go:266.12,268.4 1 1
github.com/migelankodra/application-service/v2/internal/appfunction/context.go:271.37,272.17 1 1
github.com/migelankodra/application-service/v2/internal/appfunction/context.go:272.17,274.4 1 1
github.com/migelankodra/application-service/v2/internal/appfunction/context.go:281.48,284.2 2 0
github.com/migelankodra/application-service/v2/internal/store/db/redis/models/storedobject.go:47.59,59.2 1 1
github.com/migelankodra/application-service/v2/internal/store/db/redis/models/storedobject.go:62.63,72.2 9 1
github.com/migelankodra/application-service/v2/internal/store/db/redis/models/storedobject.go:75.53,97.16 2 1
github.com/migelankodra/application-service/v2/internal/store/db/redis/models/storedobject.go:100.2,100.27 1 1
github.com/migelankodra/application-service/v2/internal/store/db/redis/models/storedobject.go:103.2,103.21 1 1
github.com/migelankodra/application-service/v2/internal/store/db/redis/models/storedobject.go:106.2,106.27 1 1
github.com/migelankodra/application-service/v2/internal/store/db/redis/models/storedobject.go:110.2,110.27 1 1
github.com/migelankodra/application-service/v2/internal/store/db/redis/models/storedobject.go:97.16,99.3 1 1
github.com/migelankodra/application-service/v2/internal/store/db/redis/models/storedobject.go:100.27,102.3 1 1
github.com/migelankodra/application-service/v2/internal/store/db/redis/models/storedobject.go:103.21,105.3 1 1
github.com/migelankodra/application-service/v2/internal/store/db/redis/models/storedobject.go:106.27,108.3 1 1
github.com/migelankodra/application-service/v2/internal/store/db/redis/models/storedobject.go:114.57,130.52 2 1
github.com/migelankodra/application-service/v2/internal/store/db/redis/models/storedobject.go:135.2,135.21 1 1
github.com/migelankodra/application-service/v2/internal/store/db/redis/models/storedobject.go:138.2,138.32 1 1
github.com/migelankodra/application-service/v2/internal/store/db/redis/models/storedobject.go:141.2,141.26 1 1
github.com/migelankodra/application-service/v2/internal/store/db/redis/models/storedobject.go:144.2,144.32 1 1
github.com/migelankodra/application-service/v2/internal/store/db/redis/models/storedobject.go:148.2,154.12 6 1
github.com/migelankodra/application-service/v2/internal/store/db/redis/models/storedobject.go:130.52,132.3 1 0
github.com/migelankodra/application-service/v2/internal/store/db/redis/models/storedobject.go:135.21,137.3 1 1
github.com/migelankodra/application-service/v2/internal/store/db/redis/models/storedobject.go:138.32,140.3 1 1
github.com/migelankodra/application-service/v2/internal/store/db/redis/models/storedobject.go:141.26,143.3 1 1
github.com/migelankodra/application-service/v2/internal/store/db/redis/models/storedobject.go:144.32,146.3 1 1
github.com/migelankodra/application-service/v2/internal/trigger/http/rest.go:49.109,55.2 1 1
github.com/migelankodra/application-service/v2/internal/trigger/http/rest.go:58.150,61.23 2 1
github.com/migelankodra/application-service/v2/internal/trigger/http/rest.go:65.2,69.17 4 0
github.com/migelankodra/application-service/v2/internal/trigger/http/rest.go:61.23,63.3 1 1
github.com/migelankodra/application-service/v2/internal/trigger/http/rest.go:72.85,74.15 2 0
github.com/migelankodra/application-service/v2/internal/trigger/http/rest.go:76.2,79.16 3 0
github.com/migelankodra/application-service/v2/internal/trigger/http/rest.go:86.2,102.25 8 0
github.com/migelankodra/application-service/v2/internal/trigger/http/rest.go:109.2,109.47 1 0
github.com/migelankodra/application-service/v2/internal/trigger/http/rest.go:113.2,114.16 2 0
github.com/migelankodra/application-service/v2/internal/trigger/http/rest.go:119.2,119.38 1 0
github.com/migelankodra/application-service/v2/internal/trigger/http/rest.go:123.2,123.26 1 0
github.com/migelankodra/application-service/v2/internal/trigger/http/rest.go:74.15,74.37 1 0
github.com/migelankodra/application-service/v2/internal/trigger/http/rest.go:79.16,84.3 4 0
github.com/migelankodra/application-service/v2/internal/trigger/http/rest.go:102.25,107.3 3 0
github.com/migelankodra/application-service/v2/internal/trigger/http/rest.go:109.47,111.3 1 0
github.com/migelankodra/application-service/v2/internal/trigger/http/rest.go:114.16,117.3 2 0
github.com/migelankodra/application-service/v2/internal/trigger/http/rest.go:119.38,121.3 1 0
github.com/migelankodra/application-service/v2/internal/webserver/server.go:53.69,62.2 2 1
github.com/migelankodra/application-service/v2/internal/webserver/server.go:65.131,67.51 2 1
github.com/migelankodra/application-service/v2/internal/webserver/server.go:70.2,70.12 1 1
github.com/migelankodra/application-service/v2/internal/webserver/server.go:67.51,69.3 1 1
github.com/migelankodra/application-service/v2/internal/webserver/server.go:74.55,88.2 8 0
github.com/migelankodra/application-service/v2/internal/webserver/server.go:91.120,93.2 1 1
github.com/migelankodra/application-service/v2/internal/webserver/server.go:96.67,97.12 1 0
github.com/migelankodra/application-service/v2/internal/webserver/server.go:97.12,98.101 1 0
github.com/migelankodra/application-service/v2/internal/webserver/server.go:98.101,100.4 1 0
github.com/migelankodra/application-service/v2/internal/webserver/server.go:100.9,102.4 1 0
github.com/migelankodra/application-service/v2/internal/webserver/server.go:107.97,115.45 4 0
github.com/migelankodra/application-service/v2/internal/webserver/server.go:118.2,120.43 2 0
github.com/migelankodra/application-service/v2/internal/webserver/server.go:115.45,117.3 1 0
github.com/migelankodra/application-service/v2/internal/webserver/server.go:120.43,123.17 3 0
github.com/migelankodra/application-service/v2/internal/webserver/server.go:129.3,130.10 2 0
github.com/migelankodra/application-service/v2/internal/webserver/server.go:136.3,137.10 2 0
github.com/migelankodra/application-service/v2/internal/webserver/server.go:143.3,145.142 2 0
github.com/migelankodra/application-service/v2/internal/webserver/server.go:123.17,127.4 3 0
github.com/migelankodra/application-service/v2/internal/webserver/server.go:130.10,134.4 3 0
github.com/migelankodra/application-service/v2/internal/webserver/server.go:137.10,141.4 3 0
github.com/migelankodra/application-service/v2/internal/webserver/server.go:146.8,149.3 2 0
github.com/migelankodra/application-service/v2/internal/webserver/types.go:37.57,39.34 1 0
github.com/migelankodra/application-service/v2/internal/webserver/types.go:43.2,43.40 1 0
github.com/migelankodra/application-service/v2/internal/webserver/types.go:49.2,49.31 1 0
github.com/migelankodra/application-service/v2/internal/webserver/types.go:53.2,53.54 1 0
github.com/migelankodra/application-service/v2/internal/webserver/types.go:57.2,57.12 1 0
github.com/migelankodra/application-service/v2/internal/webserver/types.go:39.34,41.3 1 0
github.com/migelankodra/application-service/v2/internal/webserver/types.go:43.40,44.19 1 0
github.com/migelankodra/application-service/v2/internal/webserver/types.go:44.19,46.4 1 0
github.com/migelankodra/application-service/v2/internal/webserver/types.go:49.31,51.3 1 0
github.com/migelankodra/application-service/v2/internal/webserver/types.go:53.54,55.3 1 0
github.com/migelankodra/application-service/v2/internal/runtime/runtime.go:51.119,60.2 2 1
github.com/migelankodra/application-service/v2/internal/runtime/runtime.go:78.100,90.2 4 1
github.com/migelankodra/application-service/v2/internal/runtime/runtime.go:93.97,95.32 2 1
github.com/migelankodra/application-service/v2/internal/runtime/runtime.go:103.2,103.99 1 1
github.com/migelankodra/application-service/v2/internal/runtime/runtime.go:95.32,101.3 5 0
github.com/migelankodra/application-service/v2/internal/runtime/runtime.go:107.118,109.12 2 1
github.com/migelankodra/application-service/v2/internal/runtime/runtime.go:113.2,118.12 5 1
github.com/migelankodra/application-service/v2/internal/runtime/runtime.go:109.12,111.3 1 0
github.com/migelankodra/application-service/v2/internal/runtime/runtime.go:125.55,128.35 2 1
github.com/migelankodra/application-service/v2/internal/runtime/runtime.go:134.2,142.26 4 1
github.com/migelankodra/application-service/v2/internal/runtime/runtime.go:146.2,146.57 1 1
github.com/migelankodra/application-service/v2/internal/runtime/runtime.go:153.2,155.23 2 1
github.com/migelankodra/application-service/v2/internal/runtime/runtime.go:199.2,216.93 7 1
github.com/migelankodra/application-service/v2/internal/runtime/runtime.go:128.35,132.3 3 1
github.com/migelankodra/application-service/v2/internal/runtime/runtime.go:142.26,144.3 1 1
github.com/migelankodra/application-service/v2/internal/runtime/runtime.go:146.57,150.3 3 1
github.com/migelankodra/application-service/v2/internal/runtime/runtime.go:156.15,158.29 2 1
github.com/migelankodra/application-service/v2/internal/runtime/runtime.go:160.19,165.17 3 1
github.com/migelankodra/application-service/v2/internal/runtime/runtime.go:177.3,177.39 1 1
github.com/migelankodra/application-service/v2/internal/runtime/runtime.go:181.3,185.17 4 1
github.com/migelankodra/application-service/v2/internal/runtime/runtime.go:187.10,192.63 3 1
github.com/migelankodra/application-service/v2/internal/runtime/runtime.go:165.17,167.64 2 1
github.com/migelankodra/application-service/v2/internal/runtime/runtime.go:171.4,174.56 3 1
github.com/migelankodra/application-service/v2/internal/runtime/runtime.go:167.64,169.5 1 1
github.com/migelankodra/application-service/v2/internal/runtime/runtime.go:177.39,179.4 1 0
github.com/migelankodra/application-service/v2/internal/runtime/runtime.go:192.63,196.4 3 0
github.com/migelankodra/application-service/v2/internal/runtime/runtime.go:225.30,230.58 3 1
github.com/migelankodra/application-service/v2/internal/runtime/runtime.go:265.2,265.12 1 1
github.com/migelankodra/application-service/v2/internal/runtime/runtime.go:230.58,231.36 1 1
github.com/migelankodra/application-service/v2/internal/runtime/runtime.go:235.3,237.20 2 1
github.com/migelankodra/application-service/v2/internal/runtime/runtime.go:244.3,244.31 1 1
github.com/migelankodra/application-service/v2/internal/runtime/runtime.go:231.36,232.12 1 1
github.com/migelankodra/application-service/v2/internal/runtime/runtime.go:237.20,240.4 2 1
github.com/migelankodra/application-service/v2/internal/runtime/runtime.go:240.9,242.4 1 1
github.com/migelankodra/application-service/v2/internal/runtime/runtime.go:244.31,245.21 1 1
github.com/migelankodra/application-service/v2/internal/runtime/runtime.go:261.4,261.9 1 1
github.com/migelankodra/application-service/v2/internal/runtime/runtime.go:245.21,246.38 1 1
github.com/migelankodra/application-service/v2/internal/runtime/runtime.go:246.38,254.51 2 1
github.com/migelankodra/application-service/v2/internal/runtime/runtime.go:258.6,258.79 1 1
github.com/migelankodra/application-service/v2/internal/runtime/runtime.go:254.51,256.7 1 0
github.com/migelankodra/application-service/v2/internal/runtime/runtime.go:273.21,276.2 1 0
github.com/migelankodra/application-service/v2/internal/runtime/runtime.go:278.124,286.26 4 1
github.com/migelankodra/application-service/v2/internal/runtime/runtime.go:294.2,294.72 1 1
github.com/migelankodra/application-service/v2/internal/runtime/runtime.go:300.2,303.16 4 1
github.com/migelankodra/application-service/v2/internal/runtime/runtime.go:312.2,312.62 1 1
github.com/migelankodra/application-service/v2/internal/runtime/runtime.go:317.2,317.27 1 1
github.com/migelankodra/application-service/v2/internal/runtime/runtime.go:286.26,291.3 2 1
github.com/migelankodra/application-service/v2/internal/runtime/runtime.go:294.72,296.3 1 0
github.com/migelankodra/application-service/v2/internal/runtime/runtime.go:303.16,305.17 2 1
github.com/migelankodra/application-service/v2/internal/runtime/runtime.go:305.17,308.4 2 1
github.com/migelankodra/application-service/v2/internal/runtime/runtime.go:312.62,314.3 1 0
github.com/migelankodra/application-service/v2/internal/runtime/runtime.go:320.101,325.21 3 1
github.com/migelankodra/application-service/v2/internal/runtime/runtime.go:336.2,336.12 1 1
github.com/migelankodra/application-service/v2/internal/runtime/runtime.go:326.30,327.49 1 1
github.com/migelankodra/application-service/v2/internal/runtime/runtime.go:329.30,330.49 1 1
github.com/migelankodra/application-service/v2/internal/runtime/runtime.go:332.10,333.83 1 0
github.com/migelankodra/application-service/v2/internal/runtime/runtime.go:339.84,344.25 2 0
github.com/migelankodra/application-service/v2/internal/runtime/runtime.go:350.2,350.45 1 0
github.com/migelankodra/application-service/v2/internal/runtime/runtime.go:344.25,346.3 1 0
github.com/migelankodra/application-service/v2/internal/runtime/runtime.go:346.8,348.3 1 0
github.com/migelankodra/application-service/v2/internal/runtime/runtime.go:350.45,351.45 1 0
github.com/migelankodra/application-service/v2/internal/runtime/runtime.go:352.48,358.30 1 0
github.com/migelankodra/application-service/v2/internal/runtime/runtime.go:359.11,364.19 1 0
github.com/migelankodra/application-service/v2/internal/runtime/runtime.go:369.76,371.21 2 1
github.com/migelankodra/application-service/v2/internal/runtime/runtime.go:376.2,376.17 1 1
github.com/migelankodra/application-service/v2/internal/runtime/runtime.go:371.21,375.3 1 1
github.com/migelankodra/application-service/v2/internal/runtime/runtime.go:379.100,382.28 2 1
github.com/migelankodra/application-service/v2/internal/runtime/runtime.go:386.2,386.40 1 1
github.com/migelankodra/application-service/v2/internal/runtime/runtime.go:392.2,392.16 1 1
github.com/migelankodra/application-service/v2/internal/runtime/runtime.go:382.28,384.3 1 0
github.com/migelankodra/application-service/v2/internal/runtime/runtime.go:386.40,387.51 1 1
github.com/migelankodra/application-service/v2/internal/runtime/runtime.go:387.51,389.4 1 1
github.com/migelankodra/application-service/v2/internal/runtime/runtime.go:395.82,397.2 1 1
github.com/migelankodra/application-service/v2/internal/runtime/runtime.go:399.71,400.47 1 1
github.com/migelankodra/application-service/v2/internal/runtime/runtime.go:431.2,431.14 1 1
github.com/migelankodra/application-service/v2/internal/runtime/runtime.go:400.47,401.37 1 1
github.com/migelankodra/application-service/v2/internal/runtime/runtime.go:405.3,406.24 2 1
github.com/migelankodra/application-service/v2/internal/runtime/runtime.go:401.37,403.4 1 1
github.com/migelankodra/application-service/v2/internal/runtime/runtime.go:407.10,408.38 1 1
github.com/migelankodra/application-service/v2/internal/runtime/runtime.go:411.11,415.49 3 1
github.com/migelankodra/application-service/v2/internal/runtime/runtime.go:419.4,419.45 1 1
github.com/migelankodra/application-service/v2/internal/runtime/runtime.go:425.4,426.64 2 1
github.com/migelankodra/application-service/v2/internal/runtime/runtime.go:408.38,410.5 1 1
github.com/migelankodra/application-service/v2/internal/runtime/runtime.go:415.49,416.13 1 0
github.com/migelankodra/application-service/v2/internal/runtime/runtime.go:419.45,420.31 1 1
github.com/migelankodra/application-service/v2/internal/runtime/runtime.go:420.31,422.6 1 1
github.com/migelankodra/application-service/v2/internal/runtime/runtime.go:426.64,428.5 1 1
github.com/migelankodra/application-service/v2/internal/runtime/runtime.go:434.72,436.34 2 1
github.com/migelankodra/application-service/v2/internal/runtime/runtime.go:441.2,441.13 1 1
github.com/migelankodra/application-service/v2/internal/runtime/runtime.go:436.34,439.3 2 1
github.com/migelankodra/application-service/v2/internal/runtime/runtime.go:444.73,446.2 1 1
github.com/migelankodra/application-service/v2/internal/runtime/storeforward.go:50.21,58.12 5 0
github.com/migelankodra/application-service/v2/internal/runtime/storeforward.go:58.12,63.17 4 0
github.com/migelankodra/application-service/v2/internal/runtime/storeforward.go:75.3,75.56 1 0
github.com/migelankodra/application-service/v2/internal/runtime/storeforward.go:81.3,86.7 2 0
github.com/migelankodra/application-service/v2/internal/runtime/storeforward.go:102.3,102.48 1 0
github.com/migelankodra/application-service/v2/internal/runtime/storeforward.go:63.17,68.4 2 0
github.com/migelankodra/application-service/v2/internal/runtime/storeforward.go:68.9,68.53 1 0
github.com/migelankodra/application-service/v2/internal/runtime/storeforward.go:68.53,73.4 2 0
github.com/migelankodra/application-service/v2/internal/runtime/storeforward.go:75.56,79.4 2 0
github.com/migelankodra/application-service/v2/internal/runtime/storeforward.go:86.7,87.11 1 0
github.com/migelankodra/application-service/v2/internal/runtime/storeforward.go:89.25,91.15 1 0
github.com/migelankodra/application-service/v2/internal/runtime/storeforward.go:93.29,95.15 1 0
github.com/migelankodra/application-service/v2/internal/runtime/storeforward.go:97.37,98.35 1 0
github.com/migelankodra/application-service/v2/internal/runtime/storeforward.go:110.24,121.46 5 0
github.com/migelankodra/application-service/v2/internal/runtime/storeforward.go:126.2,128.51 2 0
github.com/migelankodra/application-service/v2/internal/runtime/storeforward.go:121.46,124.3 2 0
github.com/migelankodra/application-service/v2/internal/runtime/storeforward.go:128.51,130.3 1 0
github.com/migelankodra/application-service/v2/internal/runtime/storeforward.go:133.64,139.16 4 1
github.com/migelankodra/application-service/v2/internal/runtime/storeforward.go:144.2,146.20 2 1
github.com/migelankodra/application-service/v2/internal/runtime/storeforward.go:139.16,142.3 2 0
github.com/migelankodra/application-service/v2/internal/runtime/storeforward.go:146.20,152.38 4 1
github.com/migelankodra/application-service/v2/internal/runtime/storeforward.go:161.3,161.38 1 1
github.com/migelankodra/application-service/v2/internal/runtime/storeforward.go:152.38,153.60 1 1
github.com/migelankodra/application-service/v2/internal/runtime/storeforward.go:153.60,158.5 1 0
github.com/migelankodra/application-service/v2/internal/runtime/storeforward.go:161.38,162.51 1 1
github.com/migelankodra/application-service/v2/internal/runtime/storeforward.go:162.51,167.5 1 0
github.com/migelankodra/application-service/v2/internal/runtime/storeforward.go:172.132,184.29 5 1
github.com/migelankodra/application-service/v2/internal/runtime/storeforward.go:229.2,229.37 1 1
github.com/migelankodra/application-service/v2/internal/runtime/storeforward.go:184.29,187.22 2 1
github.com/migelankodra/application-service/v2/internal/runtime/storeforward.go:193.3,193.36 1 1
github.com/migelankodra/application-service/v2/internal/runtime/storeforward.go:199.3,199.46 1 1
github.com/migelankodra/application-service/v2/internal/runtime/storeforward.go:187.22,190.12 3 0
github.com/migelankodra/application-service/v2/internal/runtime/storeforward.go:193.36,196.12 3 1
github.com/migelankodra/application-service/v2/internal/runtime/storeforward.go:199.46,202.69 2 1
github.com/migelankodra/application-service/v2/internal/runtime/storeforward.go:212.4,217.47 2 1
github.com/migelankodra/application-service/v2/internal/runtime/storeforward.go:202.69,209.13 3 1
github.com/migelankodra/application-service/v2/internal/runtime/storeforward.go:220.9,226.4 2 1
github.com/migelankodra/application-service/v2/internal/runtime/storeforward.go:232.122,235.37 2 1
github.com/migelankodra/application-service/v2/internal/runtime/storeforward.go:239.2,250.15 2 1
github.com/migelankodra/application-service/v2/internal/runtime/storeforward.go:235.37,237.3 1 1
github.com/migelankodra/application-service/v2/pkg/secure/mqttfactory.go:48.118,56.2 1 1
github.com/migelankodra/application-service/v2/pkg/secure/mqttfactory.go:58.82,59.28 1 0
github.com/migelankodra/application-service/v2/pkg/secure/mqttfactory.go:64.2,68.16 3 0
github.com/migelankodra/application-service/v2/pkg/secure/mqttfactory.go:72.2,72.23 1 0
github.com/migelankodra/application-service/v2/pkg/secure/mqttfactory.go:84.2,84.42 1 0
github.com/migelankodra/application-service/v2/pkg/secure/mqttfactory.go:59.28,62.3 2 0
github.com/migelankodra/application-service/v2/pkg/secure/mqttfactory.go:68.16,70.3 1 0
github.com/migelankodra/application-service/v2/pkg/secure/mqttfactory.go:72.23,74.17 2 0
github.com/migelankodra/application-service/v2/pkg/secure/mqttfactory.go:78.3,79.17 2 0
github.com/migelankodra/application-service/v2/pkg/secure/mqttfactory.go:74.17,76.4 1 0
github.com/migelankodra/application-service/v2/pkg/secure/mqttfactory.go:79.17,81.4 1 0
github.com/migelankodra/application-service/v2/pkg/secure/mqttfactory.go:87.95,94.26 5 1
github.com/migelankodra/application-service/v2/pkg/secure/mqttfactory.go:110.2,110.36 1 1
github.com/migelankodra/application-service/v2/pkg/secure/mqttfactory.go:118.2,120.12 2 1
github.com/migelankodra/application-service/v2/pkg/secure/mqttfactory.go:95.42,97.48 2 1
github.com/migelankodra/application-service/v2/pkg/secure/mqttfactory.go:98.30,100.17 2 1
github.com/migelankodra/application-service/v2/pkg/secure/mqttfactory.go:103.3,103.51 1 1
github.com/migelankodra/application-service/v2/pkg/secure/mqttfactory.go:104.28,104.28 0 1
github.com/migelankodra/application-service/v2/pkg/secure/mqttfactory.go:106.30,107.13 1 1
github.com/migelankodra/application-service/v2/pkg/secure/mqttfactory.go:100.17,102.4 1 0
github.com/migelankodra/application-service/v2/pkg/secure/mqttfactory.go:110.36,112.10 2 1
github.com/migelankodra/application-service/v2/pkg/secure/mqttfactory.go:115.3,115.35 1 1
github.com/migelankodra/application-service/v2/pkg/secure/mqttfactory.go:112.10,114.4 1 0
github.com/migelankodra/application-service/v2/pkg/util/helpers.go:26.30,28.2 1 1
github.com/migelankodra/application-service/v2/pkg/util/helpers.go:31.30,33.2 1 0
github.com/migelankodra/application-service/v2/pkg/util/helpers.go:36.46,38.24 2 1
github.com/migelankodra/application-service/v2/pkg/util/helpers.go:44.2,44.10 1 1
github.com/migelankodra/application-service/v2/pkg/util/helpers.go:38.24,40.16 2 1
github.com/migelankodra/application-service/v2/pkg/util/helpers.go:40.16,42.4 1 1
github.com/migelankodra/application-service/v2/pkg/util/helpers.go:48.52,52.22 3 1
github.com/migelankodra/application-service/v2/pkg/util/helpers.go:70.2,70.18 1 1
github.com/migelankodra/application-service/v2/pkg/util/helpers.go:53.14,55.23 2 1
github.com/migelankodra/application-service/v2/pkg/util/helpers.go:57.14,58.24 1 1
github.com/migelankodra/application-service/v2/pkg/util/helpers.go:60.10,62.17 2 1
github.com/migelankodra/application-service/v2/pkg/util/helpers.go:62.17,67.4 1 1
github.com/migelankodra/application-service/v2/pkg/factory.go:34.77,36.2 1 0
github.com/migelankodra/application-service/v2/pkg/factory.go:39.115,41.45 2 0
github.com/migelankodra/application-service/v2/pkg/factory.go:47.2,47.22 1 0
github.com/migelankodra/application-service/v2/pkg/factory.go:41.45,45.3 3 0
github.com/migelankodra/application-service/v2/pkg/factory.go:51.108,53.79 1 1
github.com/migelankodra/application-service/v2/pkg/factory.go:60.2,60.55 1 1
github.com/migelankodra/application-service/v2/pkg/factory.go:53.79,55.4 1 1
github.com/migelankodra/application-service/v2/pkg/factory.go:56.61,58.4 1 0
github.com/migelankodra/application-service/v2/internal/app/backgroundmessage.go:28.44,30.2 1 1
github.com/migelankodra/application-service/v2/internal/app/backgroundmessage.go:32.61,34.2 1 1
github.com/migelankodra/application-service/v2/internal/app/backgroundpublisher.go:34.102,43.16 3 1
github.com/migelankodra/application-service/v2/internal/app/backgroundpublisher.go:47.2,52.12 2 1
github.com/migelankodra/application-service/v2/internal/app/backgroundpublisher.go:43.16,45.3 1 1
github.com/migelankodra/application-service/v2/internal/app/backgroundpublisher.go:55.131,58.2 2 1
github.com/migelankodra/application-service/v2/internal/app/configupdates.go:42.68,44.2 1 0
github.com/migelankodra/application-service/v2/internal/app/configupdates.go:48.98,52.12 3 0
github.com/migelankodra/application-service/v2/internal/app/configupdates.go:52.12,59.7 5 0
github.com/migelankodra/application-service/v2/internal/app/configupdates.go:59.7,60.11 1 0
github.com/migelankodra/application-service/v2/internal/app/configupdates.go:61.33,63.11 2 0
github.com/migelankodra/application-service/v2/internal/app/configupdates.go:65.25,70.12 3 0
github.com/migelankodra/application-service/v2/internal/app/configupdates.go:98.5,98.40 1 0
github.com/migelankodra/application-service/v2/internal/app/configupdates.go:71.107,72.59 1 0
github.com/migelankodra/application-service/v2/internal/app/configupdates.go:76.6,76.108 1 0
github.com/migelankodra/application-service/v2/internal/app/configupdates.go:78.107,79.97 1 0
github.com/migelankodra/application-service/v2/internal/app/configupdates.go:85.6,86.108 2 0
github.com/migelankodra/application-service/v2/internal/app/configupdates.go:88.95,90.96 2 0
github.com/migelankodra/application-service/v2/internal/app/configupdates.go:92.13,94.46 1 0
github.com/migelankodra/application-service/v2/internal/app/configupdates.go:72.59,75.7 2 0
github.com/migelankodra/application-service/v2/internal/app/configupdates.go:79.97,82.15 3 0
github.com/migelankodra/application-service/v2/internal/app/configupdates.go:104.89,107.49 2 0
github.com/migelankodra/application-service/v2/internal/app/configupdates.go:107.49,110.3 2 0
github.com/migelankodra/application-service/v2/internal/app/configupdates.go:113.83,116.49 2 0
github.com/migelankodra/application-service/v2/internal/app/configupdates.go:116.49,119.25 2 0
github.com/migelankodra/application-service/v2/internal/app/configupdates.go:137.3,137.26 1 0
github.com/migelankodra/application-service/v2/internal/app/configupdates.go:119.25,124.18 5 0
github.com/migelankodra/application-service/v2/internal/app/configupdates.go:130.4,131.61 1 0
github.com/migelankodra/application-service/v2/internal/app/configupdates.go:124.18,128.5 2 0
github.com/migelankodra/application-service/v2/internal/app/configupdates.go:131.61,133.6 1 0
github.com/migelankodra/application-service/v2/internal/app/configupdates.go:138.8,140.3 1 0
github.com/migelankodra/application-service/v2/internal/app/configupdates.go:143.72,146.35 2 0
github.com/migelankodra/application-service/v2/internal/app/configupdates.go:146.35,148.17 2 0
github.com/migelankodra/application-service/v2/internal/app/configupdates.go:155.3,156.17 2 0
github.com/migelankodra/application-service/v2/internal/app/configupdates.go:161.3,161.97 1 0
github.com/migelankodra/application-service/v2/internal/app/configupdates.go:148.17,153.4 3 0
github.com/migelankodra/application-service/v2/internal/app/configupdates.go:156.17,159.4 2 0
github.com/migelankodra/application-service/v2/internal/app/configupdates.go:165.41,170.2 4 0
github.com/migelankodra/application-service/v2/internal/app/configupdates.go:172.40,176.2 3 0
github.com/migelankodra/application-service/v2/internal/app/configupdates.go:178.128,182.41 3 1
github.com/migelankodra/application-service/v2/internal/app/configupdates.go:191.2,191.45 1 1
github.com/migelankodra/application-service/v2/internal/app/configupdates.go:197.2,198.41 2 1
github.com/migelankodra/application-service/v2/internal/app/configupdates.go:182.41,185.52 2 1
github.com/migelankodra/application-service/v2/internal/app/configupdates.go:185.52,187.9 2 1
github.com/migelankodra/application-service/v2/internal/app/configupdates.go:191.45,193.3 1 1
github.com/migelankodra/application-service/v2/internal/app/configupdates.go:193.8,193.34 1 1
github.com/migelankodra/application-service/v2/internal/app/configupdates.go:193.34,195.3 1 0
github.com/migelankodra/application-service/v2/internal/app/configurable.go:91.61,95.2 1 1
github.com/migelankodra/application-service/v2/internal/app/configurable.go:105.99,107.9 2 1
github.com/migelankodra/application-service/v2/internal/app/configurable.go:111.2,111.38 1 1
github.com/migelankodra/application-service/v2/internal/app/configurable.go:107.9,109.3 1 1
github.com/migelankodra/application-service/v2/internal/app/configurable.go:122.98,124.9 2 1
github.com/migelankodra/application-service/v2/internal/app/configurable.go:128.2,128.37 1 1
github.com/migelankodra/application-service/v2/internal/app/configurable.go:124.9,126.3 1 1
github.com/migelankodra/application-service/v2/internal/app/configurable.go:139.98,141.9 2 1
github.com/migelankodra/application-service/v2/internal/app/configurable.go:145.2,145.37 1 1
github.com/migelankodra/application-service/v2/internal/app/configurable.go:141.9,143.3 1 1
github.com/migelankodra/application-service/v2/internal/app/configurable.go:156.100,158.9 2 1
github.com/migelankodra/application-service/v2/internal/app/configurable.go:162.2,162.39 1 1
github.com/migelankodra/application-service/v2/internal/app/configurable.go:158.9,160.3 1 1
github.com/migelankodra/application-service/v2/internal/app/configurable.go:168.89,170.9 2 1
github.com/migelankodra/application-service/v2/internal/app/configurable.go:175.2,177.40 2 1
github.com/migelankodra/application-service/v2/internal/app/configurable.go:170.9,173.3 2 0
github.com/migelankodra/application-service/v2/internal/app/configurable.go:178.20,179.34 1 1
github.com/migelankodra/application-service/v2/internal/app/configurable.go:180.21,181.35 1 1
github.com/migelankodra/application-service/v2/internal/app/configurable.go:182.10,188.13 2 1
github.com/migelankodra/application-service/v2/internal/app/configurable.go:195.90,197.9 2 1
github.com/migelankodra/application-service/v2/internal/app/configurable.go:201.2,202.9 2 1
github.com/migelankodra/application-service/v2/internal/app/configurable.go:206.2,207.9 2 1
github.com/migelankodra/application-service/v2/internal/app/configurable.go:211.2,212.9 2 1
github.com/migelankodra/application-service/v2/internal/app/configurable.go:217.2,226.16 7 1
github.com/migelankodra/application-service/v2/internal/app/configurable.go:231.2,231.41 1 1
github.com/migelankodra/application-service/v2/internal/app/configurable.go:250.2,250.33 1 1
github.com/migelankodra/application-service/v2/internal/app/configurable.go:197.9,200.3 2 1
github.com/migelankodra/application-service/v2/internal/app/configurable.go:202.9,205.3 2 1
github.com/migelankodra/application-service/v2/internal/app/configurable.go:207.9,210.3 2 1
github.com/migelankodra/application-service/v2/internal/app/configurable.go:212.9,215.3 2 1
github.com/migelankodra/application-service/v2/internal/app/configurable.go:226.16,229.3 2 1
github.com/migelankodra/application-service/v2/internal/app/configurable.go:231.41,233.10 2 1
github.com/migelankodra/application-service/v2/internal/app/configurable.go:238.3,240.26 2 1
github.com/migelankodra/application-service/v2/internal/app/configurable.go:245.3,245.100 1 1
github.com/migelankodra/application-service/v2/internal/app/configurable.go:233.10,236.4 2 1
github.com/migelankodra/application-service/v2/internal/app/configurable.go:240.26,243.4 2 1
github.com/migelankodra/application-service/v2/internal/app/configurable.go:246.8,248.3 1 1
github.com/migelankodra/application-service/v2/internal/app/configurable.go:256.88,258.9 2 1
github.com/migelankodra/application-service/v2/internal/app/configurable.go:263.2,265.36 2 1
github.com/migelankodra/application-service/v2/internal/app/configurable.go:258.9,261.3 2 0
github.com/migelankodra/application-service/v2/internal/app/configurable.go:266.20,267.36 1 1
github.com/migelankodra/application-service/v2/internal/app/configurable.go:268.20,269.36 1 0
github.com/migelankodra/application-service/v2/internal/app/configurable.go:270.10,276.13 2 0
github.com/migelankodra/application-service/v2/internal/app/configurable.go:283.87,285.9 2 1
github.com/migelankodra/application-service/v2/internal/app/configurable.go:290.2,298.79 4 1
github.com/migelankodra/application-service/v2/internal/app/configurable.go:304.2,304.102 1 1
github.com/migelankodra/application-service/v2/internal/app/configurable.go:309.2,310.9 2 1
github.com/migelankodra/application-service/v2/internal/app/configurable.go:315.2,322.36 2 1
github.com/migelankodra/application-service/v2/internal/app/configurable.go:285.9,288.3 2 1
github.com/migelankodra/application-service/v2/internal/app/configurable.go:298.79,301.3 2 1
github.com/migelankodra/application-service/v2/internal/app/configurable.go:304.102,307.3 2 0
github.com/migelankodra/application-service/v2/internal/app/configurable.go:310.9,313.3 2 1
github.com/migelankodra/application-service/v2/internal/app/configurable.go:323.18,324.34 1 1
github.com/migelankodra/application-service/v2/internal/app/configurable.go:325.10,330.13 2 0
github.com/migelankodra/application-service/v2/internal/app/configurable.go:338.90,340.16 2 1
github.com/migelankodra/application-service/v2/internal/app/configurable.go:345.2,347.33 2 1
github.com/migelankodra/application-service/v2/internal/app/configurable.go:340.16,343.3 2 1
github.com/migelankodra/application-service/v2/internal/app/configurable.go:348.24,349.28 1 1
github.com/migelankodra/application-service/v2/internal/app/configurable.go:350.23,351.27 1 1
github.com/migelankodra/application-service/v2/internal/app/configurable.go:352.10,358.13 2 0
github.com/migelankodra/application-service/v2/internal/app/configurable.go:366.90,374.9 7 1
github.com/migelankodra/application-service/v2/internal/app/configurable.go:378.2,379.9 2 1
github.com/migelankodra/application-service/v2/internal/app/configurable.go:384.2,385.9 2 1
github.com/migelankodra/application-service/v2/internal/app/configurable.go:389.2,390.9 2 1
github.com/migelankodra/application-service/v2/internal/app/configurable.go:394.2,395.9 2 1
github.com/migelankodra/application-service/v2/internal/app/configurable.go:399.2,400.8 2 1
github.com/migelankodra/application-service/v2/internal/app/configurable.go:407.2,408.8 2 1
github.com/migelankodra/application-service/v2/internal/app/configurable.go:415.2,416.8 2 1
github.com/migelankodra/application-service/v2/internal/app/configurable.go:423.2,424.8 2 1
github.com/migelankodra/application-service/v2/internal/app/configurable.go:433.2,452.8 6 1
github.com/migelankodra/application-service/v2/internal/app/configurable.go:459.2,460.27 2 1
github.com/migelankodra/application-service/v2/internal/app/configurable.go:374.9,377.3 2 0
github.com/migelankodra/application-service/v2/internal/app/configurable.go:379.9,382.3 2 0
github.com/migelankodra/application-service/v2/internal/app/configurable.go:385.9,388.3 2 0
github.com/migelankodra/application-service/v2/internal/app/configurable.go:390.9,393.3 2 0
github.com/migelankodra/application-service/v2/internal/app/configurable.go:395.9,398.3 2 0
github.com/migelankodra/application-service/v2/internal/app/configurable.go:400.8,402.17 2 1
github.com/migelankodra/application-service/v2/internal/app/configurable.go:402.17,405.4 2 0
github.com/migelankodra/application-service/v2/internal/app/configurable.go:408.8,410.17 2 1
github.com/migelankodra/application-service/v2/internal/app/configurable.go:410.17,413.4 2 0
github.com/migelankodra/application-service/v2/internal/app/configurable.go:416.8,418.17 2 1
github.com/migelankodra/application-service/v2/internal/app/configurable.go:418.17,421.4 2 0
github.com/migelankodra/application-service/v2/internal/app/configurable.go:424.8,426.17 2 1
github.com/migelankodra/application-service/v2/internal/app/configurable.go:426.17,429.4 2 0
github.com/migelankodra/application-service/v2/internal/app/configurable.go:452.8,454.17 2 1
github.com/migelankodra/application-service/v2/internal/app/configurable.go:454.17,457.4 2 0
github.com/migelankodra/application-service/v2/internal/app/configurable.go:467.95,471.26 3 1
github.com/migelankodra/application-service/v2/internal/app/configurable.go:475.2,475.34 1 1
github.com/migelankodra/application-service/v2/internal/app/configurable.go:471.26,473.3 1 1
github.com/migelankodra/application-service/v2/internal/app/configurable.go:481.85,483.9 2 1
github.com/migelankodra/application-service/v2/internal/app/configurable.go:488.2,488.31 1 1
github.com/migelankodra/application-service/v2/internal/app/configurable.go:483.9,486.3 2 0
github.com/migelankodra/application-service/v2/internal/app/configurable.go:489.20,491.10 2 1
github.com/migelankodra/application-service/v2/internal/app/configurable.go:496.3,497.17 2 1
github.com/migelankodra/application-service/v2/internal/app/configurable.go:504.3,505.17 2 1
github.com/migelankodra/application-service/v2/internal/app/configurable.go:508.3,508.25 1 1
github.com/migelankodra/application-service/v2/internal/app/configurable.go:510.19,512.10 2 1
github.com/migelankodra/application-service/v2/internal/app/configurable.go:517.3,518.17 2 1
github.com/migelankodra/application-service/v2/internal/app/configurable.go:521.3,521.25 1 1
github.com/migelankodra/application-service/v2/internal/app/configurable.go:523.27,525.10 2 1
github.com/migelankodra/application-service/v2/internal/app/configurable.go:529.3,530.10 2 1
github.com/migelankodra/application-service/v2/internal/app/configurable.go:534.3,535.17 2 1
github.com/migelankodra/application-service/v2/internal/app/configurable.go:538.3,539.17 2 1
github.com/migelankodra/application-service/v2/internal/app/configurable.go:542.3,542.25 1 1
github.com/migelankodra/application-service/v2/internal/app/configurable.go:544.10,551.13 2 0
github.com/migelankodra/application-service/v2/internal/app/configurable.go:491.10,494.4 2 0
github.com/migelankodra/application-service/v2/internal/app/configurable.go:497.17,502.4 2 0
github.com/migelankodra/application-service/v2/internal/app/configurable.go:505.17,507.4 1 0
github.com/migelankodra/application-service/v2/internal/app/configurable.go:512.10,515.4 2 0
github.com/migelankodra/application-service/v2/internal/app/configurable.go:518.17,520.4 1 0
github.com/migelankodra/application-service/v2/internal/app/configurable.go:525.10,528.4 2 0
github.com/migelankodra/application-service/v2/internal/app/configurable.go:530.10,533.4 2 0
github.com/migelankodra/application-service/v2/internal/app/configurable.go:535.17,537.4 1 0
github.com/migelankodra/application-service/v2/internal/app/configurable.go:539.17,541.4 1 1
github.com/migelankodra/application-service/v2/internal/app/configurable.go:556.89,558.9 2 1
github.com/migelankodra/application-service/v2/internal/app/configurable.go:563.2,564.27 2 1
github.com/migelankodra/application-service/v2/internal/app/configurable.go:558.9,561.3 2 0
github.com/migelankodra/application-service/v2/internal/app/configurable.go:569.87,571.9 2 1
github.com/migelankodra/application-service/v2/internal/app/configurable.go:576.2,579.35 3 1
github.com/migelankodra/application-service/v2/internal/app/configurable.go:598.2,599.26 2 1
github.com/migelankodra/application-service/v2/internal/app/configurable.go:571.9,574.3 2 1
github.com/migelankodra/application-service/v2/internal/app/configurable.go:579.35,581.25 2 1
github.com/migelankodra/application-service/v2/internal/app/configurable.go:586.3,586.28 1 1
github.com/migelankodra/application-service/v2/internal/app/configurable.go:590.3,590.28 1 1
github.com/migelankodra/application-service/v2/internal/app/configurable.go:595.3,595.34 1 1
github.com/migelankodra/application-service/v2/internal/app/configurable.go:581.25,584.4 2 1
github.com/migelankodra/application-service/v2/internal/app/configurable.go:586.28,589.4 2 0
github.com/migelankodra/application-service/v2/internal/app/configurable.go:590.28,593.4 2 0
github.com/migelankodra/application-service/v2/internal/app/configurable.go:605.47,607.9 2 1
github.com/migelankodra/application-service/v2/internal/app/configurable.go:612.2,614.8 3 1
github.com/migelankodra/application-service/v2/internal/app/configurable.go:623.2,629.25 3 1
github.com/migelankodra/application-service/v2/internal/app/configurable.go:607.9,610.3 2 1
github.com/migelankodra/application-service/v2/internal/app/configurable.go:614.8,617.17 3 1
github.com/migelankodra/application-service/v2/internal/app/configurable.go:617.17,620.4 2 1
github.com/migelankodra/application-service/v2/internal/app/configurable.go:633.78,638.9 3 1
github.com/migelankodra/application-service/v2/internal/app/configurable.go:642.2,643.9 2 1
github.com/migelankodra/application-service/v2/internal/app/configurable.go:646.2,647.9 2 1
github.com/migelankodra/application-service/v2/internal/app/configurable.go:652.2,655.8 4 1
github.com/migelankodra/application-service/v2/internal/app/configurable.go:668.2,670.8 3 1
github.com/migelankodra/application-service/v2/internal/app/configurable.go:683.2,685.8 3 1
github.com/migelankodra/application-service/v2/internal/app/configurable.go:697.2,703.99 6 1
github.com/migelankodra/application-service/v2/internal/app/configurable.go:707.2,707.99 1 1
github.com/migelankodra/application-service/v2/internal/app/configurable.go:711.2,711.99 1 1
github.com/migelankodra/application-service/v2/internal/app/configurable.go:716.2,716.28 1 1
github.com/migelankodra/application-service/v2/internal/app/configurable.go:638.9,640.3 1 0
github.com/migelankodra/application-service/v2/internal/app/configurable.go:643.9,645.3 1 1
github.com/migelankodra/application-service/v2/internal/app/configurable.go:647.9,649.3 1 1
github.com/migelankodra/application-service/v2/internal/app/configurable.go:655.8,658.17 3 1
github.com/migelankodra/application-service/v2/internal/app/configurable.go:658.17,664.4 1 1
github.com/migelankodra/application-service/v2/internal/app/configurable.go:670.8,673.17 3 1
github.com/migelankodra/application-service/v2/internal/app/configurable.go:673.17,679.4 1 1
github.com/migelankodra/application-service/v2/internal/app/configurable.go:685.8,688.17 3 1
github.com/migelankodra/application-service/v2/internal/app/configurable.go:688.17,694.4 1 1
github.com/migelankodra/application-service/v2/internal/app/configurable.go:703.99,706.3 1 1
github.com/migelankodra/application-service/v2/internal/app/configurable.go:707.99,710.3 1 1
github.com/migelankodra/application-service/v2/internal/app/configurable.go:711.99,714.3 1 1
github.com/migelankodra/application-service/v2/internal/app/customtrigger.go:54.66,63.2 1 1
github.com/migelankodra/application-service/v2/internal/app/customtrigger.go:65.104,67.2 1 1
github.com/migelankodra/application-service/v2/internal/app/customtrigger.go:70.122,74.60 2 1
github.com/migelankodra/application-service/v2/internal/app/customtrigger.go:78.2,86.37 5 1
github.com/migelankodra/application-service/v2/internal/app/customtrigger.go:100.2,102.17 2 1
github.com/migelankodra/application-service/v2/internal/app/customtrigger.go:74.60,76.3 1 0
github.com/migelankodra/application-service/v2/internal/app/customtrigger.go:86.37,88.89 2 1
github.com/migelankodra/application-service/v2/internal/app/customtrigger.go:88.89,93.100 3 1
github.com/migelankodra/application-service/v2/internal/app/customtrigger.go:93.100,96.5 2 1
github.com/migelankodra/application-service/v2/internal/app/customtrigger.go:97.50,97.95 1 1
github.com/migelankodra/application-service/v2/internal/app/customtrigger.go:105.128,109.81 2 1
github.com/migelankodra/application-service/v2/internal/app/customtrigger.go:135.2,135.10 1 1
github.com/migelankodra/application-service/v2/internal/app/customtrigger.go:110.23,112.55 2 1
github.com/migelankodra/application-service/v2/internal/app/customtrigger.go:114.29,116.46 2 1
github.com/migelankodra/application-service/v2/internal/app/customtrigger.go:118.23,120.40 2 1
github.com/migelankodra/application-service/v2/internal/app/customtrigger.go:122.10,123.71 1 1
github.com/migelankodra/application-service/v2/internal/app/customtrigger.go:123.71,126.18 3 1
github.com/migelankodra/application-service/v2/internal/app/customtrigger.go:126.18,129.5 2 1
github.com/migelankodra/application-service/v2/internal/app/customtrigger.go:130.9,132.4 1 1
github.com/migelankodra/application-service/v2/internal/app/customtrigger.go:140.76,145.25 2 1
github.com/migelankodra/application-service/v2/internal/app/customtrigger.go:149.2,149.39 1 1
github.com/migelankodra/application-service/v2/internal/app/customtrigger.go:153.2,153.82 1 1
github.com/migelankodra/application-service/v2/internal/app/customtrigger.go:166.2,166.12 1 1
github.com/migelankodra/application-service/v2/internal/app/customtrigger.go:145.25,147.3 1 1
github.com/migelankodra/application-service/v2/internal/app/customtrigger.go:149.39,151.3 1 1
github.com/migelankodra/application-service/v2/internal/app/customtrigger.go:153.82,164.3 3 1
github.com/migelankodra/application-service/v2/internal/app/service.go:64.102,70.2 1 1
github.com/migelankodra/application-service/v2/internal/app/service.go:108.125,113.37 1 1
github.com/migelankodra/application-service/v2/internal/app/service.go:116.2,116.75 1 1
github.com/migelankodra/application-service/v2/internal/app/service.go:113.37,115.3 1 0
github.com/migelankodra/application-service/v2/internal/app/service.go:121.98,124.17 2 1
github.com/migelankodra/application-service/v2/internal/app/service.go:127.2,127.61 1 1
github.com/migelankodra/application-service/v2/internal/app/service.go:124.17,126.3 1 1
github.com/migelankodra/application-service/v2/internal/app/service.go:133.121,136.94 1 1
github.com/migelankodra/application-service/v2/internal/app/service.go:140.2,142.17 3 1
github.com/migelankodra/application-service/v2/internal/app/service.go:136.94,138.3 1 1
github.com/migelankodra/application-service/v2/internal/app/service.go:146.34,147.25 1 1
github.com/migelankodra/application-service/v2/internal/app/service.go:147.25,149.3 1 1
github.com/migelankodra/application-service/v2/internal/app/service.go:149.8,151.3 1 1
github.com/migelankodra/application-service/v2/internal/app/service.go:157.39,164.14 4 0
github.com/migelankodra/application-service/v2/internal/app/service.go:169.2,170.16 2 0
github.com/migelankodra/application-service/v2/internal/app/service.go:176.2,178.49 2 0
github.com/migelankodra/application-service/v2/internal/app/service.go:184.2,194.9 7 0
github.com/migelankodra/application-service/v2/internal/app/service.go:206.2,208.49 2 0
github.com/migelankodra/application-service/v2/internal/app/service.go:213.2,217.53 3 0
github.com/migelankodra/application-service/v2/internal/app/service.go:221.2,221.12 1 0
github.com/migelankodra/application-service/v2/internal/app/service.go:164.14,166.3 1 0
github.com/migelankodra/application-service/v2/internal/app/service.go:170.16,173.3 2 0
github.com/migelankodra/application-service/v2/internal/app/service.go:178.49,180.3 1 0
github.com/migelankodra/application-service/v2/internal/app/service.go:180.8,182.3 1 0
github.com/migelankodra/application-service/v2/internal/app/service.go:195.33,197.18 2 0
github.com/migelankodra/application-service/v2/internal/app/service.go:199.35,200.73 1 0
github.com/migelankodra/application-service/v2/internal/app/service.go:202.23,203.52 1 0
github.com/migelankodra/application-service/v2/internal/app/service.go:208.49,211.3 2 0
github.com/migelankodra/application-service/v2/internal/app/service.go:217.53,219.3 1 0
github.com/migelankodra/application-service/v2/internal/app/service.go:227.82,229.16 2 1
github.com/migelankodra/application-service/v2/internal/app/service.go:233.2,234.12 2 1
github.com/migelankodra/application-service/v2/internal/app/service.go:238.2,238.40 1 1
github.com/migelankodra/application-service/v2/internal/app/service.go:229.16,231.3 1 0
github.com/migelankodra/application-service/v2/internal/app/service.go:234.12,236.3 1 0
github.com/migelankodra/application-service/v2/internal/app/service.go:242.105,249.59 4 1
github.com/migelankodra/application-service/v2/internal/app/service.go:253.2,258.83 4 1
github.com/migelankodra/application-service/v2/internal/app/service.go:262.2,262.36 1 1
github.com/migelankodra/application-service/v2/internal/app/service.go:278.2,278.47 1 1
github.com/migelankodra/application-service/v2/internal/app/service.go:299.2,299.23 1 1
github.com/migelankodra/application-service/v2/internal/app/service.go:249.59,251.3 1 1
github.com/migelankodra/application-service/v2/internal/app/service.go:258.83,260.3 1 0
github.com/migelankodra/application-service/v2/internal/app/service.go:262.36,267.17 4 1
github.com/migelankodra/application-service/v2/internal/app/service.go:270.3,275.36 2 1
github.com/migelankodra/application-service/v2/internal/app/service.go:267.17,269.4 1 1
github.com/migelankodra/application-service/v2/internal/app/service.go:278.47,279.69 1 1
github.com/migelankodra/application-service/v2/internal/app/service.go:279.69,285.18 4 1
github.com/migelankodra/application-service/v2/internal/app/service.go:289.4,295.37 2 1
github.com/migelankodra/application-service/v2/internal/app/service.go:285.18,287.5 1 1
github.com/migelankodra/application-service/v2/internal/app/service.go:306.64,309.46 2 1
github.com/migelankodra/application-service/v2/internal/app/service.go:362.2,362.24 1 1
github.com/migelankodra/application-service/v2/internal/app/service.go:309.46,312.10 3 1
github.com/migelankodra/application-service/v2/internal/app/service.go:316.3,317.17 2 1
github.com/migelankodra/application-service/v2/internal/app/service.go:322.3,324.45 2 1
github.com/migelankodra/application-service/v2/internal/app/service.go:329.3,329.38 1 1
github.com/migelankodra/application-service/v2/internal/app/service.go:346.3,347.10 2 1
github.com/migelankodra/application-service/v2/internal/app/service.go:351.3,351.22 1 1
github.com/migelankodra/application-service/v2/internal/app/service.go:355.3,359.45 2 1
github.com/migelankodra/application-service/v2/internal/app/service.go:312.10,314.4 1 1
github.com/migelankodra/application-service/v2/internal/app/service.go:317.17,319.4 1 1
github.com/migelankodra/application-service/v2/internal/app/service.go:324.45,328.4 3 1
github.com/migelankodra/application-service/v2/internal/app/service.go:329.38,332.21 2 1
github.com/migelankodra/application-service/v2/internal/app/service.go:333.45,334.71 1 1
github.com/migelankodra/application-service/v2/internal/app/service.go:336.12,342.6 1 0
github.com/migelankodra/application-service/v2/internal/app/service.go:347.10,349.4 1 0
github.com/migelankodra/application-service/v2/internal/app/service.go:351.22,353.4 1 0
github.com/migelankodra/application-service/v2/internal/app/service.go:366.86,368.2 1 0
github.com/migelankodra/application-service/v2/internal/app/service.go:371.93,372.26 1 1
github.com/migelankodra/application-service/v2/internal/app/service.go:376.2,378.16 3 1
github.com/migelankodra/application-service/v2/internal/app/service.go:382.2,384.12 2 1
github.com/migelankodra/application-service/v2/internal/app/service.go:372.26,374.3 1 1
github.com/migelankodra/application-service/v2/internal/app/service.go:378.16,380.3 1 0
github.com/migelankodra/application-service/v2/internal/app/service.go:388.123,389.26 1 1
github.com/migelankodra/application-service/v2/internal/app/service.go:393.2,393.22 1 1
github.com/migelankodra/application-service/v2/internal/app/service.go:397.2,397.27 1 1
github.com/migelankodra/application-service/v2/internal/app/service.go:402.2,403.16 2 1
github.com/migelankodra/application-service/v2/internal/app/service.go:407.2,408.12 2 1
github.com/migelankodra/application-service/v2/internal/app/service.go:389.26,391.3 1 1
github.com/migelankodra/application-service/v2/internal/app/service.go:393.22,395.3 1 1
github.com/migelankodra/application-service/v2/internal/app/service.go:397.27,398.33 1 1
github.com/migelankodra/application-service/v2/internal/app/service.go:398.33,400.4 1 1
github.com/migelankodra/application-service/v2/internal/app/service.go:403.16,405.3 1 1
github.com/migelankodra/application-service/v2/internal/app/service.go:412.61,414.2 1 1
github.com/migelankodra/application-service/v2/internal/app/service.go:417.67,418.43 1 1
github.com/migelankodra/application-service/v2/internal/app/service.go:422.2,423.9 2 1
github.com/migelankodra/application-service/v2/internal/app/service.go:427.2,427.26 1 1
github.com/migelankodra/application-service/v2/internal/app/service.go:418.43,420.3 1 1
github.com/migelankodra/application-service/v2/internal/app/service.go:423.9,425.3 1 1
github.com/migelankodra/application-service/v2/internal/app/service.go:431.76,432.43 1 1
github.com/migelankodra/application-service/v2/internal/app/service.go:436.2,437.9 2 1
github.com/migelankodra/application-service/v2/internal/app/service.go:441.2,443.26 2 1
github.com/migelankodra/application-service/v2/internal/app/service.go:432.43,434.3 1 1
github.com/migelankodra/application-service/v2/internal/app/service.go:437.9,439.3 1 1
github.com/migelankodra/application-service/v2/internal/app/service.go:447.40,473.61 13 0
github.com/migelankodra/application-service/v2/internal/app/service.go:478.2,507.17 8 0
github.com/migelankodra/application-service/v2/internal/app/service.go:511.2,525.12 7 0
github.com/migelankodra/application-service/v2/internal/app/service.go:473.61,475.4 1 0
github.com/migelankodra/application-service/v2/internal/app/service.go:507.17,509.3 1 0
github.com/migelankodra/application-service/v2/internal/app/service.go:531.105,532.32 1 0
github.com/migelankodra/application-service/v2/internal/app/service.go:535.2,535.79 1 0
github.com/migelankodra/application-service/v2/internal/app/service.go:532.32,534.3 1 0
github.com/migelankodra/application-service/v2/internal/app/service.go:541.138,542.32 1 0
github.com/migelankodra/application-service/v2/internal/app/service.go:548.2,549.12 2 0
github.com/migelankodra/application-service/v2/internal/app/service.go:542.32,546.3 1 0
github.com/migelankodra/application-service/v2/internal/app/service.go:553.87,556.2 2 0
github.com/migelankodra/application-service/v2/internal/app/service.go:559.82,562.2 2 0
github.com/migelankodra/application-service/v2/internal/app/service.go:565.58,567.2 1 1
github.com/migelankodra/application-service/v2/internal/app/service.go:570.54,572.2 1 0
github.com/migelankodra/application-service/v2/internal/app/service.go:575.64,577.2 1 1
github.com/migelankodra/application-service/v2/internal/app/service.go:580.68,582.2 1 1
github.com/migelankodra/application-service/v2/internal/app/service.go:585.80,587.2 1 1
github.com/migelankodra/application-service/v2/internal/app/service.go:590.80,592.2 1 1
github.com/migelankodra/application-service/v2/internal/app/service.go:595.66,597.2 1 1
github.com/migelankodra/application-service/v2/internal/app/service.go:600.78,602.2 1 1
github.com/migelankodra/application-service/v2/internal/app/service.go:605.78,607.2 1 1
github.com/migelankodra/application-service/v2/internal/app/service.go:609.58,612.37 3 1
github.com/migelankodra/application-service/v2/internal/app/service.go:622.2,622.15 1 1
github.com/migelankodra/application-service/v2/internal/app/service.go:612.37,613.12 1 1
github.com/migelankodra/application-service/v2/internal/app/service.go:619.3,619.49 1 0
github.com/migelankodra/application-service/v2/internal/app/service.go:613.12,616.12 3 1
github.com/migelankodra/application-service/v2/internal/app/service.go:625.132,626.60 1 1
github.com/migelankodra/application-service/v2/internal/app/service.go:626.60,629.3 2 0
github.com/migelankodra/application-service/v2/internal/app/service.go:632.62,633.21 1 0
github.com/migelankodra/application-service/v2/internal/app/service.go:633.21,635.3 1 0
github.com/migelankodra/application-service/v2/internal/app/service.go:638.51,640.23 2 1
github.com/migelankodra/application-service/v2/internal/app/service.go:649.2,649.49 1 1
github.com/migelankodra/application-service/v2/internal/app/service.go:653.2,653.69 1 1
github.com/migelankodra/application-service/v2/internal/app/service.go:659.2,660.30 2 1
github.com/migelankodra/application-service/v2/internal/app/service.go:664.2,664.22 1 1
github.com/migelankodra/application-service/v2/internal/app/service.go:670.2,670.87 1 1
github.com/migelankodra/application-service/v2/internal/app/service.go:640.23,646.3 2 1
github.com/migelankodra/application-service/v2/internal/app/service.go:649.49,651.3 1 1
github.com/migelankodra/application-service/v2/internal/app/service.go:653.69,656.3 1 1
github.com/migelankodra/application-service/v2/internal/app/service.go:660.30,662.3 1 1
github.com/migelankodra/application-service/v2/internal/app/service.go:664.22,667.3 2 1
github.com/migelankodra/application-service/v2/internal/app/service.go:675.106,677.2 1 1
github.com/migelankodra/application-service/v2/internal/trigger/messagebus/messaging.go:52.77,57.2 1 1
github.com/migelankodra/application-service/v2/internal/trigger/messagebus/messaging.go:60.159,69.71 6 1
github.com/migelankodra/application-service/v2/internal/trigger/messagebus/messaging.go:73.2,74.16 2 1
github.com/migelankodra/application-service/v2/internal/trigger/messagebus/messaging.go:78.2,80.31 2 1
github.com/migelankodra/application-service/v2/internal/trigger/messagebus/messaging.go:90.2,93.16 3 1
github.com/migelankodra/application-service/v2/internal/trigger/messagebus/messaging.go:97.2,105.62 3 1
github.com/migelankodra/application-service/v2/internal/trigger/messagebus/messaging.go:114.2,114.39 1 1
github.com/migelankodra/application-service/v2/internal/trigger/messagebus/messaging.go:133.2,134.12 2 1
github.com/migelankodra/application-service/v2/internal/trigger/messagebus/messaging.go:163.2,163.80 1 1
github.com/migelankodra/application-service/v2/internal/trigger/messagebus/messaging.go:167.2,167.21 1 1
github.com/migelankodra/application-service/v2/internal/trigger/messagebus/messaging.go:174.2,174.22 1 1
github.com/migelankodra/application-service/v2/internal/trigger/messagebus/messaging.go:69.71,71.3 1 0
github.com/migelankodra/application-service/v2/internal/trigger/messagebus/messaging.go:74.16,76.3 1 1
github.com/migelankodra/application-service/v2/internal/trigger/messagebus/messaging.go:80.31,83.3 1 1
github.com/migelankodra/application-service/v2/internal/trigger/messagebus/messaging.go:83.8,85.32 2 1
github.com/migelankodra/application-service/v2/internal/trigger/messagebus/messaging.go:85.32,87.4 1 1
github.com/migelankodra/application-service/v2/internal/trigger/messagebus/messaging.go:93.16,95.3 1 0
github.com/migelankodra/application-service/v2/internal/trigger/messagebus/messaging.go:105.62,111.3 1 1
github.com/migelankodra/application-service/v2/internal/trigger/messagebus/messaging.go:114.39,116.44 2 1
github.com/migelankodra/application-service/v2/internal/trigger/messagebus/messaging.go:116.44,120.13 3 1
github.com/migelankodra/application-service/v2/internal/trigger/messagebus/messaging.go:120.13,121.12 1 1
github.com/migelankodra/application-service/v2/internal/trigger/messagebus/messaging.go:122.26,124.12 2 0
github.com/migelankodra/application-service/v2/internal/trigger/messagebus/messaging.go:125.45,126.55 1 1
github.com/migelankodra/application-service/v2/internal/trigger/messagebus/messaging.go:134.12,136.12 2 1
github.com/migelankodra/application-service/v2/internal/trigger/messagebus/messaging.go:136.12,137.11 1 1
github.com/migelankodra/application-service/v2/internal/trigger/messagebus/messaging.go:138.25,140.11 2 0
github.com/migelankodra/application-service/v2/internal/trigger/messagebus/messaging.go:142.35,143.64 1 0
github.com/migelankodra/application-service/v2/internal/trigger/messagebus/messaging.go:145.28,146.15 1 1
github.com/migelankodra/application-service/v2/internal/trigger/messagebus/messaging.go:146.15,151.20 4 1
github.com/migelankodra/application-service/v2/internal/trigger/messagebus/messaging.go:156.6,157.69 2 1
github.com/migelankodra/application-service/v2/internal/trigger/messagebus/messaging.go:151.20,154.7 2 0
github.com/migelankodra/application-service/v2/internal/trigger/messagebus/messaging.go:163.80,165.3 1 0
github.com/migelankodra/application-service/v2/internal/trigger/messagebus/messaging.go:167.21,170.17 3 0
github.com/migelankodra/application-service/v2/internal/trigger/messagebus/messaging.go:170.17,172.4 1 0
github.com/migelankodra/application-service/v2/internal/trigger/messagebus/messaging.go:177.122,186.37 5 1
github.com/migelankodra/application-service/v2/internal/trigger/messagebus/messaging.go:186.37,188.3 1 1
github.com/migelankodra/application-service/v2/internal/trigger/messagebus/messaging.go:191.151,195.25 3 1
github.com/migelankodra/application-service/v2/internal/trigger/messagebus/messaging.go:200.2,200.38 1 1
github.com/migelankodra/application-service/v2/internal/trigger/messagebus/messaging.go:195.25,198.3 1 0
github.com/migelankodra/application-service/v2/internal/trigger/messagebus/messaging.go:200.38,203.45 2 1
github.com/migelankodra/application-service/v2/internal/trigger/messagebus/messaging.go:212.3,221.17 4 1
github.com/migelankodra/application-service/v2/internal/trigger/messagebus/messaging.go:229.3,230.17 2 1
github.com/migelankodra/application-service/v2/internal/trigger/messagebus/messaging.go:238.3,242.112 2 1
github.com/migelankodra/application-service/v2/internal/trigger/messagebus/messaging.go:203.45,205.4 1 1
github.com/migelankodra/application-service/v2/internal/trigger/messagebus/messaging.go:205.9,207.94 2 1
github.com/migelankodra/application-service/v2/internal/trigger/messagebus/messaging.go:207.94,210.5 1 1
github.com/migelankodra/application-service/v2/internal/trigger/messagebus/messaging.go:221.17,227.4 2 0
github.com/migelankodra/application-service/v2/internal/trigger/messagebus/messaging.go:230.17,236.4 2 0
github.com/migelankodra/application-service/v2/internal/trigger/messagebus/messaging.go:246.110,263.2 2 1
github.com/migelankodra/application-service/v2/internal/trigger/messagebus/messaging.go:265.118,267.71 2 1
github.com/migelankodra/application-service/v2/internal/trigger/messagebus/messaging.go:271.2,276.27 4 1
github.com/migelankodra/application-service/v2/internal/trigger/messagebus/messaging.go:280.2,281.16 2 1
github.com/migelankodra/application-service/v2/internal/trigger/messagebus/messaging.go:285.2,285.96 1 1
github.com/migelankodra/application-service/v2/internal/trigger/messagebus/messaging.go:289.2,289.38 1 1
github.com/migelankodra/application-service/v2/internal/trigger/messagebus/messaging.go:294.2,294.18 1 1
github.com/migelankodra/application-service/v2/internal/trigger/messagebus/messaging.go:305.2,305.12 1 1
github.com/migelankodra/application-service/v2/internal/trigger/messagebus/messaging.go:267.71,269.3 1 1
github.com/migelankodra/application-service/v2/internal/trigger/messagebus/messaging.go:276.27,278.3 1 0
github.com/migelankodra/application-service/v2/internal/trigger/messagebus/messaging.go:281.16,283.3 1 0
github.com/migelankodra/application-service/v2/internal/trigger/messagebus/messaging.go:285.96,287.3 1 0
github.com/migelankodra/application-service/v2/internal/trigger/messagebus/messaging.go:289.38,291.3 1 0
github.com/migelankodra/application-service/v2/internal/trigger/messagebus/messaging.go:295.51,297.89 2 1
github.com/migelankodra/application-service/v2/internal/trigger/messagebus/messaging.go:298.39,300.103 2 0
github.com/migelankodra/application-service/v2/internal/trigger/messagebus/messaging.go:301.37,302.101 1 0
github.com/migelankodra/application-service/v2/pkg/transforms/batch.go:43.61,49.2 5 1
github.com/migelankodra/application-service/v2/pkg/transforms/batch.go:51.42,56.2 4 1
github.com/migelankodra/application-service/v2/pkg/transforms/batch.go:58.39,62.2 3 1
github.com/migelankodra/application-service/v2/pkg/transforms/batch.go:64.40,69.2 4 1
github.com/migelankodra/application-service/v2/pkg/transforms/batch.go:84.64,91.16 4 1
github.com/migelankodra/application-service/v2/pkg/transforms/batch.go:94.2,96.21 2 1
github.com/migelankodra/application-service/v2/pkg/transforms/batch.go:91.16,93.3 1 0
github.com/migelankodra/application-service/v2/pkg/transforms/batch.go:100.64,107.2 2 1
github.com/migelankodra/application-service/v2/pkg/transforms/batch.go:110.92,118.16 4 1
github.com/migelankodra/application-service/v2/pkg/transforms/batch.go:121.2,123.21 2 1
github.com/migelankodra/application-service/v2/pkg/transforms/batch.go:118.16,120.3 1 0
github.com/migelankodra/application-service/v2/pkg/transforms/batch.go:127.106,128.17 1 1
github.com/migelankodra/application-service/v2/pkg/transforms/batch.go:133.2,135.16 3 1
github.com/migelankodra/application-service/v2/pkg/transforms/batch.go:139.2,142.41 2 1
github.com/migelankodra/application-service/v2/pkg/transforms/batch.go:159.2,159.40 1 1
github.com/migelankodra/application-service/v2/pkg/transforms/batch.go:174.2,176.34 2 1
github.com/migelankodra/application-service/v2/pkg/transforms/batch.go:181.2,181.19 1 1
github.com/migelankodra/application-service/v2/pkg/transforms/batch.go:128.17,131.3 1 1
github.com/migelankodra/application-service/v2/pkg/transforms/batch.go:135.16,137.3 1 0
github.com/migelankodra/application-service/v2/pkg/transforms/batch.go:142.41,143.33 1 1
github.com/migelankodra/application-service/v2/pkg/transforms/batch.go:143.33,145.11 2 1
github.com/migelankodra/application-service/v2/pkg/transforms/batch.go:151.4,151.32 1 1
github.com/migelankodra/application-service/v2/pkg/transforms/batch.go:146.22,147.98 1 1
github.com/migelankodra/application-service/v2/pkg/transforms/batch.go:148.44,149.87 1 1
github.com/migelankodra/application-service/v2/pkg/transforms/batch.go:152.9,153.42 1 1
github.com/migelankodra/application-service/v2/pkg/transforms/batch.go:153.42,155.5 1 1
github.com/migelankodra/application-service/v2/pkg/transforms/batch.go:159.40,162.115 1 1
github.com/migelankodra/application-service/v2/pkg/transforms/batch.go:162.115,164.55 1 1
github.com/migelankodra/application-service/v2/pkg/transforms/batch.go:168.4,168.25 1 1
github.com/migelankodra/application-service/v2/pkg/transforms/batch.go:164.55,166.5 1 1
github.com/migelankodra/application-service/v2/pkg/transforms/batch.go:168.25,170.5 1 1
github.com/migelankodra/application-service/v2/pkg/transforms/batch.go:176.34,180.3 3 1
github.com/migelankodra/application-service/v2/pkg/transforms/filter.go:37.49,39.2 1 1
github.com/migelankodra/application-service/v2/pkg/transforms/filter.go:43.49,45.2 1 1
github.com/migelankodra/application-service/v2/pkg/transforms/filter.go:50.134,53.16 3 1
github.com/migelankodra/application-service/v2/pkg/transforms/filter.go:57.2,58.8 2 1
github.com/migelankodra/application-service/v2/pkg/transforms/filter.go:62.2,62.19 1 1
github.com/migelankodra/application-service/v2/pkg/transforms/filter.go:53.16,55.3 1 1
github.com/migelankodra/application-service/v2/pkg/transforms/filter.go:58.8,60.3 1 1
github.com/migelankodra/application-service/v2/pkg/transforms/filter.go:69.133,72.16 3 1
github.com/migelankodra/application-service/v2/pkg/transforms/filter.go:76.2,77.8 2 1
github.com/migelankodra/application-service/v2/pkg/transforms/filter.go:81.2,81.19 1 1
github.com/migelankodra/application-service/v2/pkg/transforms/filter.go:72.16,74.3 1 1
github.com/migelankodra/application-service/v2/pkg/transforms/filter.go:77.8,79.3 1 1
github.com/migelankodra/application-service/v2/pkg/transforms/filter.go:87.133,90.16 3 1
github.com/migelankodra/application-service/v2/pkg/transforms/filter.go:94.2,95.8 2 1
github.com/migelankodra/application-service/v2/pkg/transforms/filter.go:99.2,99.19 1 1
github.com/migelankodra/application-service/v2/pkg/transforms/filter.go:90.16,92.3 1 1
github.com/migelankodra/application-service/v2/pkg/transforms/filter.go:95.8,97.3 1 1
github.com/migelankodra/application-service/v2/pkg/transforms/filter.go:106.135,109.16 3 1
github.com/migelankodra/application-service/v2/pkg/transforms/filter.go:114.2,114.30 1 1
github.com/migelankodra/application-service/v2/pkg/transforms/filter.go:119.2,124.17 5 1
github.com/migelankodra/application-service/v2/pkg/transforms/filter.go:160.2,160.32 1 1
github.com/migelankodra/application-service/v2/pkg/transforms/filter.go:165.2,166.19 2 1
github.com/migelankodra/application-service/v2/pkg/transforms/filter.go:109.16,111.3 1 1
github.com/migelankodra/application-service/v2/pkg/transforms/filter.go:114.30,116.3 1 1
github.com/migelankodra/application-service/v2/pkg/transforms/filter.go:124.17,125.50 1 1
github.com/migelankodra/application-service/v2/pkg/transforms/filter.go:125.50,127.40 2 1
github.com/migelankodra/application-service/v2/pkg/transforms/filter.go:134.4,134.27 1 1
github.com/migelankodra/application-service/v2/pkg/transforms/filter.go:127.40,128.37 1 1
github.com/migelankodra/application-service/v2/pkg/transforms/filter.go:128.37,130.11 2 1
github.com/migelankodra/application-service/v2/pkg/transforms/filter.go:134.27,137.5 2 1
github.com/migelankodra/application-service/v2/pkg/transforms/filter.go:137.10,139.5 1 1
github.com/migelankodra/application-service/v2/pkg/transforms/filter.go:141.8,142.50 1 1
github.com/migelankodra/application-service/v2/pkg/transforms/filter.go:142.50,144.40 2 1
github.com/migelankodra/application-service/v2/pkg/transforms/filter.go:151.4,151.26 1 1
github.com/migelankodra/application-service/v2/pkg/transforms/filter.go:144.40,145.37 1 1
github.com/migelankodra/application-service/v2/pkg/transforms/filter.go:145.37,147.11 2 1
github.com/migelankodra/application-service/v2/pkg/transforms/filter.go:151.26,154.5 2 1
[...]
github.com/migelankodra/application-service/v2/pkg/transforms/mqttsecret.go:121.2,121.47 1 0
github.com/migelankodra/application-service/v2/pkg/transforms/mqttsecret.go:130.2,131.16 2 0
github.com/migelankodra/application-service/v2/pkg/transforms/mqttsecret.go:135.2,138.12 3 0
github.com/migelankodra/application-service/v2/pkg/transforms/mqttsecret.go:105.91,107.3 1 0
github.com/migelankodra/application-service/v2/pkg/transforms/mqttsecret.go:112.42,114.17 2 0
github.com/migelankodra/application-service/v2/pkg/transforms/mqttsecret.go:118.3,118.38 1 0
github.com/migelankodra/application-service/v2/pkg/transforms/mqttsecret.go:114.17,116.4 1 0
github.com/migelankodra/application-service/v2/pkg/transforms/mqttsecret.go:121.47,123.17 2 0
github.com/migelankodra/application-service/v2/pkg/transforms/mqttsecret.go:127.3,127.41 1 0
github.com/migelankodra/application-service/v2/pkg/transforms/mqttsecret.go:123.17,125.4 1 0
github.com/migelankodra/application-service/v2/pkg/transforms/mqttsecret.go:131.16,133.3 1 0
github.com/migelankodra/application-service/v2/pkg/transforms/mqttsecret.go:141.109,147.33 3 0
github.com/migelankodra/application-service/v2/pkg/transforms/mqttsecret.go:151.2,152.76 2 0
github.com/migelankodra/application-service/v2/pkg/transforms/mqttsecret.go:160.2,161.12 2 0
github.com/migelankodra/application-service/v2/pkg/transforms/mqttsecret.go:147.33,149.3 1 0
github.com/migelankodra/application-service/v2/pkg/transforms/mqttsecret.go:152.76,155.28 3 0
github.com/migelankodra/application-service/v2/pkg/transforms/mqttsecret.go:158.3,158.153 1 0
github.com/migelankodra/application-service/v2/pkg/transforms/mqttsecret.go:155.28,157.4 1 0
github.com/migelankodra/application-service/v2/pkg/transforms/mqttsecret.go:166.115,167.17 1 1
github.com/migelankodra/application-service/v2/pkg/transforms/mqttsecret.go:172.2,173.16 2 0
github.com/migelankodra/application-service/v2/pkg/transforms/mqttsecret.go:177.2,177.90 1 0
github.com/migelankodra/application-service/v2/pkg/transforms/mqttsecret.go:183.2,183.34 1 0
github.com/migelankodra/application-service/v2/pkg/transforms/mqttsecret.go:190.2,192.16 2 0
github.com/migelankodra/application-service/v2/pkg/transforms/mqttsecret.go:196.2,198.26 3 0
github.com/migelankodra/application-service/v2/pkg/transforms/mqttsecret.go:203.2,206.18 3 0
github.com/migelankodra/application-service/v2/pkg/transforms/mqttsecret.go:167.17,170.3 1 1
github.com/migelankodra/application-service/v2/pkg/transforms/mqttsecret.go:173.16,175.3 1 0
github.com/migelankodra/application-service/v2/pkg/transforms/mqttsecret.go:177.90,179.17 2 0
github.com/migelankodra/application-service/v2/pkg/transforms/mqttsecret.go:179.17,181.4 1 0
github.com/migelankodra/application-service/v2/pkg/transforms/mqttsecret.go:183.34,185.17 2 0
github.com/migelankodra/application-service/v2/pkg/transforms/mqttsecret.go:185.17,187.4 1 0
github.com/migelankodra/application-service/v2/pkg/transforms/mqttsecret.go:192.16,194.3 1 0
github.com/migelankodra/application-service/v2/pkg/transforms/mqttsecret.go:198.26,201.3 2 0
github.com/migelankodra/application-service/v2/pkg/transforms/mqttsecret.go:209.100,210.27 1 1
github.com/migelankodra/application-service/v2/pkg/transforms/mqttsecret.go:210.27,212.3 1 1
github.com/migelankodra/application-service/v2/pkg/transforms/tags.go:33.43,37.2 1 1
github.com/migelankodra/application-service/v2/pkg/transforms/tags.go:40.97,43.17 2 1
github.com/migelankodra/application-service/v2/pkg/transforms/tags.go:47.2,48.9 2 1
github.com/migelankodra/application-service/v2/pkg/transforms/tags.go:52.2,52.21 1 1
github.com/migelankodra/application-service/v2/pkg/transforms/tags.go:65.2,65.20 1 1
github.com/migelankodra/application-service/v2/pkg/transforms/tags.go:43.17,45.3 1 1
github.com/migelankodra/application-service/v2/pkg/transforms/tags.go:48.9,50.3 1 1
github.com/migelankodra/application-service/v2/pkg/transforms/tags.go:52.21,53.24 1 1
github.com/migelankodra/application-service/v2/pkg/transforms/tags.go:57.3,57.34 1 1
github.com/migelankodra/application-service/v2/pkg/transforms/tags.go:60.3,60.114 1 1
github.com/migelankodra/application-service/v2/pkg/transforms/tags.go:53.24,55.4 1 1
github.com/migelankodra/application-service/v2/pkg/transforms/tags.go:57.34,59.4 1 1
github.com/migelankodra/application-service/v2/pkg/transforms/tags.go:61.8,63.3 1 1
github.com/migelankodra/application-service/v2/pkg/transforms/compression.go:41.35,43.2 1 1
github.com/migelankodra/application-service/v2/pkg/transforms/compression.go:47.123,48.17 1 1
github.com/migelankodra/application-service/v2/pkg/transforms/compression.go:52.2,54.16 3 1
github.com/migelankodra/application-service/v2/pkg/transforms/compression.go:57.2,59.35 2 1
github.com/migelankodra/application-service/v2/pkg/transforms/compression.go:65.2,66.16 2 1
github.com/migelankodra/application-service/v2/pkg/transforms/compression.go:70.2,71.16 2 1
github.com/migelankodra/application-service/v2/pkg/transforms/compression.go:76.2,78.60 2 1
github.com/migelankodra/application-service/v2/pkg/transforms/compression.go:48.17,51.3 1 0
github.com/migelankodra/application-service/v2/pkg/transforms/compression.go:54.16,56.3 1 0
github.com/migelankodra/application-service/v2/pkg/transforms/compression.go:59.35,61.3 1 1
github.com/migelankodra/application-service/v2/pkg/transforms/compression.go:61.8,63.3 1 1
github.com/migelankodra/application-service/v2/pkg/transforms/compression.go:66.16,68.3 1 0
github.com/migelankodra/application-service/v2/pkg/transforms/compression.go:71.16,73.3 1 0
github.com/migelankodra/application-service/v2/pkg/transforms/compression.go:84.123,85.17 1 1
github.com/migelankodra/application-service/v2/pkg/transforms/compression.go:89.2,91.16 3 1
github.com/migelankodra/application-service/v2/pkg/transforms/compression.go:94.2,96.35 2 1
github.com/migelankodra/application-service/v2/pkg/transforms/compression.go:102.2,103.16 2 1
github.com/migelankodra/application-service/v2/pkg/transforms/compression.go:107.2,108.16 2 1
github.com/migelankodra/application-service/v2/pkg/transforms/compression.go:113.2,115.60 2 1
github.com/migelankodra/application-service/v2/pkg/transforms/compression.go:85.17,88.3 1 0
github.com/migelankodra/application-service/v2/pkg/transforms/compression.go:91.16,93.3 1 0
github.com/migelankodra/application-service/v2/pkg/transforms/compression.go:96.35,98.3 1 1
github.com/migelankodra/application-service/v2/pkg/transforms/compression.go:98.8,100.3 1 1
github.com/migelankodra/application-service/v2/pkg/transforms/compression.go:103.16,105.3 1 0
github.com/migelankodra/application-service/v2/pkg/transforms/compression.go:108.16,110.3 1 0
github.com/migelankodra/application-service/v2/pkg/transforms/compression.go:119.76,126.2 5 1
github.com/migelankodra/application-service/v2/pkg/transforms/conversion.go:34.33,36.2 1 1
github.com/migelankodra/application-service/v2/pkg/transforms/conversion.go:40.137,41.17 1 1
github.com/migelankodra/application-service/v2/pkg/transforms/conversion.go:45.2,47.40 2 1
github.com/migelankodra/application-service/v2/pkg/transforms/conversion.go:57.2,57.114 1 1
github.com/migelankodra/application-service/v2/pkg/transforms/conversion.go:41.17,43.3 1 1
github.com/migelankodra/application-service/v2/pkg/transforms/conversion.go:47.40,49.17 2 1
github.com/migelankodra/application-service/v2/pkg/transforms/conversion.go:53.3,54.19 2 1
github.com/migelankodra/application-service/v2/pkg/transforms/conversion.go:49.17,51.4 1 0
github.com/migelankodra/application-service/v2/pkg/transforms/conversion.go:62.138,63.17 1 1
github.com/migelankodra/application-service/v2/pkg/transforms/conversion.go:67.2,69.41 2 1
github.com/migelankodra/application-service/v2/pkg/transforms/conversion.go:80.2,80.115 1 1
github.com/migelankodra/application-service/v2/pkg/transforms/conversion.go:63.17,65.3 1 1
github.com/migelankodra/application-service/v2/pkg/transforms/conversion.go:69.41,71.17 2 1
github.com/migelankodra/application-service/v2/pkg/transforms/conversion.go:74.3,77.25 2 1
github.com/migelankodra/application-service/v2/pkg/transforms/conversion.go:71.17,73.4 1 0
github.com/migelankodra/application-service/v2/pkg/transforms/coredata.go:40.119,48.2 2 1
github.com/migelankodra/application-service/v2/pkg/transforms/coredata.go:51.119,60.2 2 0
github.com/migelankodra/application-service/v2/pkg/transforms/coredata.go:64.110,67.17 2 1
github.com/migelankodra/application-service/v2/pkg/transforms/coredata.go:71.2,72.19 2 1
github.com/migelankodra/application-service/v2/pkg/transforms/coredata.go:76.2,77.45 2 1
github.com/migelankodra/application-service/v2/pkg/transforms/coredata.go:99.2,101.16 3 0
github.com/migelankodra/application-service/v2/pkg/transforms/coredata.go:105.2,105.21 1 0
github.com/migelankodra/application-service/v2/pkg/transforms/coredata.go:67.17,69.3 1 1
github.com/migelankodra/application-service/v2/pkg/transforms/coredata.go:72.19,74.3 1 0
github.com/migelankodra/application-service/v2/pkg/transforms/coredata.go:77.45,79.17 2 0
github.com/migelankodra/application-service/v2/pkg/transforms/coredata.go:82.3,82.67 1 0
github.com/migelankodra/application-service/v2/pkg/transforms/coredata.go:79.17,81.4 1 0
github.com/migelankodra/application-service/v2/pkg/transforms/coredata.go:83.8,83.52 1 1
github.com/migelankodra/application-service/v2/pkg/transforms/coredata.go:83.52,85.17 2 0
github.com/migelankodra/application-service/v2/pkg/transforms/coredata.go:88.3,89.17 2 0
github.com/migelankodra/application-service/v2/pkg/transforms/coredata.go:85.17,87.4 1 0
github.com/migelankodra/application-service/v2/pkg/transforms/coredata.go:89.17,91.4 1 0
github.com/migelankodra/application-service/v2/pkg/transforms/coredata.go:92.8,94.17 2 1
github.com/migelankodra/application-service/v2/pkg/transforms/coredata.go:94.17,96.4 1 1
github.com/migelankodra/application-service/v2/pkg/transforms/coredata.go:101.16,103.3 1 0
github.com/migelankodra/application-service/v2/pkg/transforms/encryption.go:42.82,47.2 1 1
github.com/migelankodra/application-service/v2/pkg/transforms/encryption.go:51.109,57.2 1 1
github.com/migelankodra/application-service/v2/pkg/transforms/encryption.go:62.60,66.2 3 1
github.com/migelankodra/application-service/v2/pkg/transforms/encryption.go:70.115,71.17 1 1
github.com/migelankodra/application-service/v2/pkg/transforms/encryption.go:75.2,78.16 3 1
github.com/migelankodra/application-service/v2/pkg/transforms/encryption.go:82.2,88.66 4 1
github.com/migelankodra/application-service/v2/pkg/transforms/encryption.go:117.2,117.37 1 1
github.com/migelankodra/application-service/v2/pkg/transforms/encryption.go:121.2,126.16 5 1
github.com/migelankodra/application-service/v2/pkg/transforms/encryption.go:130.2,140.26 7 1
github.com/migelankodra/application-service/v2/pkg/transforms/encryption.go:71.17,73.3 1 1
github.com/migelankodra/application-service/v2/pkg/transforms/encryption.go:78.16,80.3 1 0
github.com/migelankodra/application-service/v2/pkg/transforms/encryption.go:88.66,92.17 2 1
github.com/migelankodra/application-service/v2/pkg/transforms/encryption.go:100.3,101.10 2 1
github.com/migelankodra/application-service/v2/pkg/transforms/encryption.go:108.3,114.30 2 1
github.com/migelankodra/application-service/v2/pkg/transforms/encryption.go:92.17,98.4 1 0
github.com/migelankodra/application-service/v2/pkg/transforms/encryption.go:101.10,106.4 1 0
github.com/migelankodra/application-service/v2/pkg/transforms/encryption.go:117.37,119.3 1 0
github.com/migelankodra/application-service/v2/pkg/transforms/encryption.go:126.16,128.3 1 0
github.com/migelankodra/application-service/v2/pkg/transforms/http.go:52.81,58.2 1 1
github.com/migelankodra/application-service/v2/pkg/transforms/http.go:61.154,70.2 1 1
github.com/migelankodra/application-service/v2/pkg/transforms/http.go:73.130,82.2 1 0
github.com/migelankodra/application-service/v2/pkg/transforms/http.go:85.69,97.2 1 1
github.com/migelankodra/application-service/v2/pkg/transforms/http.go:126.108,128.2 1 1
github.com/migelankodra/application-service/v2/pkg/transforms/http.go:133.107,135.2 1 1
github.com/migelankodra/application-service/v2/pkg/transforms/http.go:137.123,142.17 3 1
github.com/migelankodra/application-service/v2/pkg/transforms/http.go:147.2,147.57 1 1
github.com/migelankodra/application-service/v2/pkg/transforms/http.go:151.2,151.59 1 1
github.com/migelankodra/application-service/v2/pkg/transforms/http.go:155.2,155.27 1 1
github.com/migelankodra/application-service/v2/pkg/transforms/http.go:159.2,160.16 2 1
github.com/migelankodra/application-service/v2/pkg/transforms/http.go:164.2,165.16 2 1
github.com/migelankodra/application-service/v2/pkg/transforms/http.go:169.2,170.16 2 1
github.com/migelankodra/application-service/v2/pkg/transforms/http.go:173.2,176.16 3 0
github.com/migelankodra/application-service/v2/pkg/transforms/http.go:180.2,181.16 2 0
github.com/migelankodra/application-service/v2/pkg/transforms/http.go:185.2,187.16 2 0
github.com/migelankodra/application-service/v2/pkg/transforms/http.go:242.2,243.16 2 0
github.com/migelankodra/application-service/v2/pkg/transforms/http.go:246.2,247.18 2 0
github.com/migelankodra/application-service/v2/pkg/transforms/http.go:262.2,268.75 4 0
github.com/migelankodra/application-service/v2/pkg/transforms/http.go:290.2,295.28 3 0
github.com/migelankodra/application-service/v2/pkg/transforms/http.go:299.2,299.15 1 0
github.com/migelankodra/application-service/v2/pkg/transforms/http.go:300.2,301.27 2 0
github.com/migelankodra/application-service/v2/pkg/transforms/http.go:307.2,307.27 1 0
github.com/migelankodra/application-service/v2/pkg/transforms/http.go:142.17,145.3 1 1
github.com/migelankodra/application-service/v2/pkg/transforms/http.go:147.57,149.3 1 1
github.com/migelankodra/application-service/v2/pkg/transforms/http.go:151.59,153.3 1 1
github.com/migelankodra/application-service/v2/pkg/transforms/http.go:155.27,157.3 1 1
github.com/migelankodra/application-service/v2/pkg/transforms/http.go:160.16,162.3 1 1
github.com/migelankodra/application-service/v2/pkg/transforms/http.go:165.16,167.3 1 1
github.com/migelankodra/application-service/v2/pkg/transforms/http.go:170.16,172.3 1 1
github.com/migelankodra/application-service/v2/pkg/transforms/http.go:176.16,178.3 1 0
github.com/migelankodra/application-service/v2/pkg/transforms/http.go:181.16,183.3 1 0
github.com/migelankodra/application-service/v2/pkg/transforms/http.go:187.16,190.17 2 0
github.com/migelankodra/application-service/v2/pkg/transforms/http.go:204.3,209.90 3 0
github.com/migelankodra/application-service/v2/pkg/transforms/http.go:230.3,236.4 2 0
github.com/migelankodra/application-service/v2/pkg/transforms/http.go:190.17,192.4 1 0
github.com/migelankodra/application-service/v2/pkg/transforms/http.go:209.90,211.19 2 0
github.com/migelankodra/application-service/v2/pkg/transforms/http.go:215.5,215.19 1 0
github.com/migelankodra/application-service/v2/pkg/transforms/http.go:211.19,214.6 2 0
github.com/migelankodra/application-service/v2/pkg/transforms/http.go:217.95,218.32 1 0
github.com/migelankodra/application-service/v2/pkg/transforms/http.go:226.5,226.15 1 0
github.com/migelankodra/application-service/v2/pkg/transforms/http.go:218.32,219.39 1 0
github.com/migelankodra/application-service/v2/pkg/transforms/http.go:219.39,220.30 1 0
github.com/migelankodra/application-service/v2/pkg/transforms/http.go:220.30,223.8 2 0
github.com/migelankodra/application-service/v2/pkg/transforms/http.go:238.8,240.3 1 0
github.com/migelankodra/application-service/v2/pkg/transforms/http.go:243.16,245.3 1 0
github.com/migelankodra/application-service/v2/pkg/transforms/http.go:247.18,249.17 2 0
github.com/migelankodra/application-service/v2/pkg/transforms/http.go:253.3,259.71 2 0
github.com/migelankodra/application-service/v2/pkg/transforms/http.go:249.17,251.4 1 0
github.com/migelankodra/application-service/v2/pkg/transforms/http.go:268.75,269.17 1 0
github.com/migelankodra/application-service/v2/pkg/transforms/http.go:277.3,277.34 1 0
github.com/migelankodra/application-service/v2/pkg/transforms/http.go:284.3,287.20 2 0
github.com/migelankodra/application-service/v2/pkg/transforms/http.go:269.17,271.4 1 0
github.com/migelankodra/application-service/v2/pkg/transforms/http.go:271.9,273.4 1 0
github.com/migelankodra/application-service/v2/pkg/transforms/http.go:277.34,280.4 2 0
github.com/migelankodra/application-service/v2/pkg/transforms/http.go:295.28,297.3 1 0
github.com/migelankodra/application-service/v2/pkg/transforms/http.go:299.15,299.44 1 0
github.com/migelankodra/application-service/v2/pkg/transforms/http.go:301.27,305.3 2 0
github.com/migelankodra/application-service/v2/pkg/transforms/http.go:310.97,311.51 1 1
github.com/migelankodra/application-service/v2/pkg/transforms/http.go:323.2,323.18 1 0
github.com/migelankodra/application-service/v2/pkg/transforms/http.go:311.51,313.3 1 0
github.com/migelankodra/application-service/v2/pkg/transforms/http.go:313.8,313.58 1 1
github.com/migelankodra/application-service/v2/pkg/transforms/http.go:313.58,315.3 1 0
github.com/migelankodra/application-service/v2/pkg/transforms/http.go:315.8,315.58 1 1
github.com/migelankodra/application-service/v2/pkg/transforms/http.go:315.58,317.3 1 1
github.com/migelankodra/application-service/v2/pkg/transforms/http.go:317.8,317.81 1 0
github.com/migelankodra/application-service/v2/pkg/transforms/http.go:317.81,319.3 1 0
github.com/migelankodra/application-service/v2/pkg/transforms/http.go:319.8,319.81 1 0
github.com/migelankodra/application-service/v2/pkg/transforms/http.go:319.81,321.3 1 0
github.com/migelankodra/application-service/v2/pkg/transforms/http.go:326.99,328.64 1 1
github.com/migelankodra/application-service/v2/pkg/transforms/http.go:337.2,337.64 1 1
github.com/migelankodra/application-service/v2/pkg/transforms/http.go:340.2,340.64 1 1
github.com/migelankodra/application-service/v2/pkg/transforms/http.go:343.2,343.37 1 1
github.com/migelankodra/application-service/v2/pkg/transforms/http.go:348.2,348.18 1 1
github.com/migelankodra/application-service/v2/pkg/transforms/http.go:328.64,329.38 1 1
github.com/migelankodra/application-service/v2/pkg/transforms/http.go:333.3,333.143 1 0
github.com/migelankodra/application-service/v2/pkg/transforms/http.go:329.38,331.4 1 1
github.com/migelankodra/application-service/v2/pkg/transforms/http.go:337.64,339.3 1 1
github.com/migelankodra/application-service/v2/pkg/transforms/http.go:340.64,342.3 1 1
github.com/migelankodra/application-service/v2/pkg/transforms/http.go:343.37,345.3 1 1
github.com/migelankodra/application-service/v2/pkg/transforms/http.go:351.93,352.27 1 0
github.com/migelankodra/application-service/v2/pkg/transforms/http.go:352.27,354.3 1 0
github.com/migelankodra/application-service/v2/pkg/transforms/http.go:357.53,358.55 1 0
github.com/migelankodra/application-service/v2/pkg/transforms/http.go:362.2,375.10 13 0
github.com/migelankodra/application-service/v2/pkg/transforms/http.go:358.55,360.3 1 0
github.com/migelankodra/application-service/v2/pkg/transforms/jsonlogic.go:38.42,42.2 1 1
github.com/migelankodra/application-service/v2/pkg/transforms/jsonlogic.go:45.106,46.17 1 1
github.com/migelankodra/application-service/v2/pkg/transforms/jsonlogic.go:51.2,52.16 2 1
github.com/migelankodra/application-service/v2/pkg/transforms/jsonlogic.go:56.2,62.16 6 1
github.com/migelankodra/application-service/v2/pkg/transforms/jsonlogic.go:66.2,69.16 4 1
github.com/migelankodra/application-service/v2/pkg/transforms/jsonlogic.go:73.2,75.21 2 1
github.com/migelankodra/application-service/v2/pkg/transforms/jsonlogic.go:46.17,49.3 1 1
github.com/migelankodra/application-service/v2/pkg/transforms/jsonlogic.go:52.16,54.3 1 0
github.com/migelankodra/application-service/v2/pkg/transforms/jsonlogic.go:62.16,64.3 1 1
github.com/migelankodra/application-service/v2/pkg/transforms/jsonlogic.go:69.16,71.3 1 0
